<?xml version="1.0" encoding="UTF-8"?>
<coverage generated="1725223105074" clover="3.2.0">
  <project timestamp="1725223105074" name="All files">
    <metrics statements="448" coveredstatements="353" conditionals="124" coveredconditionals="88" methods="69" coveredmethods="50" elements="641" coveredelements="491" complexity="0" loc="448" ncloc="448" packages="5" files="16" classes="16"/>
    <package name="express-jobly">
      <metrics statements="54" coveredstatements="52" conditionals="20" coveredconditionals="15" methods="8" coveredmethods="7"/>
      <file name="app.js" path="/Users/mathewstevens/Desktop/html example/express_intermediate/express-jobly/app.js">
        <metrics statements="26" coveredstatements="26" conditionals="4" coveredconditionals="4" methods="2" coveredmethods="2"/>
        <line num="5" count="5" type="stmt"/>
        <line num="6" count="5" type="stmt"/>
        <line num="8" count="5" type="stmt"/>
        <line num="9" count="5" type="stmt"/>
        <line num="11" count="5" type="stmt"/>
        <line num="12" count="5" type="stmt"/>
        <line num="13" count="5" type="stmt"/>
        <line num="14" count="5" type="stmt"/>
        <line num="16" count="5" type="stmt"/>
        <line num="18" count="5" type="stmt"/>
        <line num="20" count="5" type="stmt"/>
        <line num="21" count="5" type="stmt"/>
        <line num="22" count="5" type="stmt"/>
        <line num="23" count="5" type="stmt"/>
        <line num="25" count="5" type="stmt"/>
        <line num="26" count="5" type="stmt"/>
        <line num="27" count="5" type="stmt"/>
        <line num="28" count="5" type="stmt"/>
        <line num="31" count="5" type="stmt"/>
        <line num="32" count="2" type="stmt"/>
        <line num="36" count="5" type="stmt"/>
        <line num="37" count="55" type="cond" truecount="2" falsecount="0"/>
        <line num="38" count="55" type="cond" truecount="2" falsecount="0"/>
        <line num="39" count="55" type="stmt"/>
        <line num="41" count="55" type="stmt"/>
        <line num="46" count="5" type="stmt"/>
      </file>
      <file name="config.js" path="/Users/mathewstevens/Desktop/html example/express_intermediate/express-jobly/config.js">
        <metrics statements="13" coveredstatements="13" conditionals="10" coveredconditionals="8" methods="1" coveredmethods="1"/>
        <line num="5" count="11" type="stmt"/>
        <line num="6" count="11" type="stmt"/>
        <line num="8" count="11" type="cond" truecount="1" falsecount="1"/>
        <line num="10" count="11" type="cond" truecount="1" falsecount="1"/>
        <line num="22" count="22" type="cond" truecount="2" falsecount="0"/>
        <line num="30" count="11" type="cond" truecount="2" falsecount="0"/>
        <line num="32" count="11" type="stmt"/>
        <line num="33" count="11" type="stmt"/>
        <line num="34" count="11" type="stmt"/>
        <line num="35" count="11" type="stmt"/>
        <line num="36" count="11" type="stmt"/>
        <line num="37" count="11" type="stmt"/>
        <line num="39" count="11" type="stmt"/>
      </file>
      <file name="db.js" path="/Users/mathewstevens/Desktop/html example/express_intermediate/express-jobly/db.js">
        <metrics statements="7" coveredstatements="6" conditionals="2" coveredconditionals="1" methods="0" coveredmethods="0"/>
        <line num="3" count="8" type="stmt"/>
        <line num="4" count="8" type="stmt"/>
        <line num="8" count="8" type="cond" truecount="1" falsecount="1"/>
        <line num="9" count="0" type="stmt"/>
        <line num="16" count="8" type="stmt"/>
        <line num="21" count="8" type="stmt"/>
        <line num="23" count="8" type="stmt"/>
      </file>
      <file name="expressError.js" path="/Users/mathewstevens/Desktop/html example/express_intermediate/express-jobly/expressError.js">
        <metrics statements="8" coveredstatements="7" conditionals="4" coveredconditionals="2" methods="5" coveredmethods="4"/>
        <line num="9" count="78" type="stmt"/>
        <line num="10" count="78" type="stmt"/>
        <line num="11" count="78" type="stmt"/>
        <line num="19" count="23" type="stmt"/>
        <line num="27" count="44" type="stmt"/>
        <line num="35" count="11" type="stmt"/>
        <line num="43" count="0" type="stmt"/>
        <line num="47" count="10" type="stmt"/>
      </file>
    </package>
    <package name="express-jobly.helpers">
      <metrics statements="13" coveredstatements="13" conditionals="4" coveredconditionals="4" methods="3" coveredmethods="3"/>
      <file name="sql.js" path="/Users/mathewstevens/Desktop/html example/express_intermediate/express-jobly/helpers/sql.js">
        <metrics statements="7" coveredstatements="7" conditionals="4" coveredconditionals="4" methods="2" coveredmethods="2"/>
        <line num="3" count="9" type="stmt"/>
        <line num="33" count="16" type="stmt"/>
        <line num="34" count="16" type="cond" truecount="2" falsecount="0"/>
        <line num="36" count="12" type="stmt"/>
        <line num="37" count="30" type="cond" truecount="2" falsecount="0"/>
        <line num="40" count="12" type="stmt"/>
        <line num="46" count="9" type="stmt"/>
      </file>
      <file name="tokens.js" path="/Users/mathewstevens/Desktop/html example/express_intermediate/express-jobly/helpers/tokens.js">
        <metrics statements="6" coveredstatements="6" conditionals="0" coveredconditionals="0" methods="1" coveredmethods="1"/>
        <line num="1" count="6" type="stmt"/>
        <line num="2" count="6" type="stmt"/>
        <line num="7" count="13" type="stmt"/>
        <line num="12" count="13" type="stmt"/>
        <line num="18" count="13" type="stmt"/>
        <line num="21" count="6" type="stmt"/>
      </file>
    </package>
    <package name="express-jobly.middleware">
      <metrics statements="26" coveredstatements="25" conditionals="15" coveredconditionals="14" methods="4" coveredmethods="4"/>
      <file name="auth.js" path="/Users/mathewstevens/Desktop/html example/express_intermediate/express-jobly/middleware/auth.js">
        <metrics statements="26" coveredstatements="25" conditionals="15" coveredconditionals="14" methods="4" coveredmethods="4"/>
        <line num="5" count="6" type="stmt"/>
        <line num="6" count="6" type="stmt"/>
        <line num="7" count="6" type="stmt"/>
        <line num="18" count="69" type="stmt"/>
        <line num="19" count="69" type="cond" truecount="2" falsecount="0"/>
        <line num="20" count="69" type="cond" truecount="2" falsecount="0"/>
        <line num="21" count="43" type="stmt"/>
        <line num="22" count="43" type="stmt"/>
        <line num="24" count="47" type="stmt"/>
        <line num="26" count="22" type="stmt"/>
        <line num="36" count="2" type="stmt"/>
        <line num="37" count="2" type="cond" truecount="2" falsecount="0"/>
        <line num="38" count="1" type="stmt"/>
        <line num="40" count="1" type="stmt"/>
        <line num="50" count="30" type="stmt"/>
        <line num="51" count="30" type="cond" truecount="3" falsecount="1"/>
        <line num="52" count="30" type="stmt"/>
        <line num="54" count="0" type="stmt"/>
        <line num="56" count="30" type="stmt"/>
        <line num="66" count="16" type="stmt"/>
        <line num="67" count="16" type="stmt"/>
        <line num="68" count="16" type="cond" truecount="5" falsecount="0"/>
        <line num="69" count="9" type="stmt"/>
        <line num="71" count="7" type="stmt"/>
        <line num="73" count="9" type="stmt"/>
        <line num="77" count="6" type="stmt"/>
      </file>
    </package>
    <package name="express-jobly.models">
      <metrics statements="151" coveredstatements="135" conditionals="57" coveredconditionals="44" methods="22" coveredmethods="21"/>
      <file name="_testCommon.js" path="/Users/mathewstevens/Desktop/html example/express_intermediate/express-jobly/models/_testCommon.js">
        <metrics statements="17" coveredstatements="17" conditionals="0" coveredconditionals="0" methods="4" coveredmethods="4"/>
        <line num="1" count="3" type="stmt"/>
        <line num="2" count="3" type="stmt"/>
        <line num="4" count="3" type="stmt"/>
        <line num="5" count="3" type="stmt"/>
        <line num="12" count="3" type="stmt"/>
        <line num="13" count="3" type="stmt"/>
        <line num="14" count="3" type="stmt"/>
        <line num="15" count="3" type="stmt"/>
        <line num="17" count="3" type="stmt"/>
        <line num="24" count="3" type="stmt"/>
        <line num="30" count="3" type="stmt"/>
        <line num="46" count="3" type="stmt"/>
        <line num="47" count="3" type="stmt"/>
        <line num="51" count="43" type="stmt"/>
        <line num="55" count="43" type="stmt"/>
        <line num="59" count="3" type="stmt"/>
        <line num="62" count="3" type="stmt"/>
      </file>
      <file name="company.js" path="/Users/mathewstevens/Desktop/html example/express_intermediate/express-jobly/models/company.js">
        <metrics statements="45" coveredstatements="37" conditionals="22" coveredconditionals="15" methods="5" coveredmethods="5"/>
        <line num="3" count="6" type="stmt"/>
        <line num="4" count="6" type="stmt"/>
        <line num="5" count="6" type="stmt"/>
        <line num="19" count="15" type="stmt"/>
        <line num="26" count="15" type="cond" truecount="2" falsecount="0"/>
        <line num="27" count="1" type="stmt"/>
        <line num="29" count="14" type="stmt"/>
        <line num="36" count="14" type="stmt"/>
        <line num="38" count="14" type="stmt"/>
        <line num="52" count="1" type="stmt"/>
        <line num="58" count="1" type="stmt"/>
        <line num="59" count="1" type="stmt"/>
        <line num="62" count="1" type="cond" truecount="1" falsecount="1"/>
        <line num="63" count="0" type="stmt"/>
        <line num="64" count="0" type="stmt"/>
        <line num="68" count="1" type="cond" truecount="1" falsecount="1"/>
        <line num="69" count="0" type="stmt"/>
        <line num="70" count="0" type="stmt"/>
        <line num="74" count="1" type="cond" truecount="1" falsecount="1"/>
        <line num="75" count="0" type="stmt"/>
        <line num="76" count="0" type="stmt"/>
        <line num="80" count="1" type="cond" truecount="2" falsecount="3"/>
        <line num="81" count="0" type="stmt"/>
        <line num="85" count="1" type="cond" truecount="1" falsecount="1"/>
        <line num="86" count="0" type="stmt"/>
        <line num="90" count="1" type="stmt"/>
        <line num="91" count="1" type="stmt"/>
        <line num="92" count="1" type="stmt"/>
        <line num="103" count="3" type="stmt"/>
        <line num="114" count="3" type="stmt"/>
        <line num="116" count="3" type="cond" truecount="2" falsecount="0"/>
        <line num="118" count="2" type="stmt"/>
        <line num="125" count="2" type="stmt"/>
        <line num="127" count="2" type="stmt"/>
        <line num="142" count="4" type="stmt"/>
        <line num="146" count="3" type="stmt"/>
        <line num="148" count="3" type="stmt"/>
        <line num="156" count="3" type="stmt"/>
        <line num="157" count="3" type="stmt"/>
        <line num="159" count="3" type="cond" truecount="2" falsecount="0"/>
        <line num="161" count="2" type="stmt"/>
        <line num="169" count="2" type="stmt"/>
        <line num="176" count="2" type="stmt"/>
        <line num="178" count="2" type="cond" truecount="2" falsecount="0"/>
        <line num="182" count="6" type="stmt"/>
      </file>
      <file name="job.js" path="/Users/mathewstevens/Desktop/html example/express_intermediate/express-jobly/models/job.js">
        <metrics statements="37" coveredstatements="35" conditionals="15" coveredconditionals="12" methods="5" coveredmethods="5"/>
        <line num="3" count="6" type="stmt"/>
        <line num="4" count="6" type="stmt"/>
        <line num="5" count="6" type="stmt"/>
        <line num="16" count="1" type="stmt"/>
        <line num="22" count="1" type="stmt"/>
        <line num="23" count="1" type="stmt"/>
        <line num="34" count="11" type="stmt"/>
        <line num="40" count="11" type="stmt"/>
        <line num="41" count="11" type="stmt"/>
        <line num="43" count="11" type="cond" truecount="2" falsecount="0"/>
        <line num="44" count="4" type="stmt"/>
        <line num="45" count="4" type="stmt"/>
        <line num="48" count="11" type="cond" truecount="2" falsecount="0"/>
        <line num="49" count="4" type="stmt"/>
        <line num="50" count="4" type="stmt"/>
        <line num="53" count="11" type="cond" truecount="2" falsecount="0"/>
        <line num="54" count="4" type="stmt"/>
        <line num="57" count="11" type="cond" truecount="2" falsecount="0"/>
        <line num="58" count="8" type="stmt"/>
        <line num="61" count="11" type="stmt"/>
        <line num="62" count="11" type="stmt"/>
        <line num="63" count="11" type="stmt"/>
        <line num="71" count="6" type="stmt"/>
        <line num="81" count="6" type="stmt"/>
        <line num="82" count="6" type="cond" truecount="1" falsecount="1"/>
        <line num="83" count="0" type="stmt"/>
        <line num="93" count="3" type="stmt"/>
        <line num="96" count="2" type="stmt"/>
        <line num="98" count="2" type="stmt"/>
        <line num="106" count="2" type="stmt"/>
        <line num="107" count="2" type="stmt"/>
        <line num="109" count="2" type="cond" truecount="1" falsecount="1"/>
        <line num="111" count="0" type="stmt"/>
        <line num="118" count="2" type="stmt"/>
        <line num="125" count="2" type="stmt"/>
        <line num="126" count="2" type="cond" truecount="1" falsecount="1"/>
        <line num="130" count="6" type="stmt"/>
      </file>
      <file name="user.js" path="/Users/mathewstevens/Desktop/html example/express_intermediate/express-jobly/models/user.js">
        <metrics statements="52" coveredstatements="46" conditionals="20" coveredconditionals="17" methods="8" coveredmethods="7"/>
        <line num="3" count="6" type="stmt"/>
        <line num="4" count="6" type="stmt"/>
        <line num="5" count="6" type="stmt"/>
        <line num="10" count="6" type="stmt"/>
        <line num="12" count="6" type="stmt"/>
        <line num="26" count="7" type="stmt"/>
        <line num="38" count="7" type="stmt"/>
        <line num="40" count="7" type="cond" truecount="2" falsecount="0"/>
        <line num="42" count="5" type="stmt"/>
        <line num="43" count="5" type="cond" truecount="2" falsecount="0"/>
        <line num="44" count="3" type="stmt"/>
        <line num="45" count="3" type="stmt"/>
        <line num="49" count="4" type="stmt"/>
        <line num="60" count="17" type="stmt"/>
        <line num="67" count="17" type="cond" truecount="2" falsecount="0"/>
        <line num="68" count="1" type="stmt"/>
        <line num="71" count="16" type="stmt"/>
        <line num="73" count="16" type="stmt"/>
        <line num="93" count="16" type="stmt"/>
        <line num="95" count="16" type="stmt"/>
        <line num="104" count="1" type="stmt"/>
        <line num="114" count="1" type="stmt"/>
        <line num="126" count="3" type="stmt"/>
        <line num="137" count="3" type="stmt"/>
        <line num="139" count="3" type="cond" truecount="2" falsecount="0"/>
        <line num="141" count="2" type="stmt"/>
        <line num="162" count="6" type="cond" truecount="2" falsecount="0"/>
        <line num="163" count="2" type="stmt"/>
        <line num="166" count="6" type="stmt"/>
        <line num="173" count="5" type="stmt"/>
        <line num="175" count="5" type="stmt"/>
        <line num="183" count="5" type="stmt"/>
        <line num="184" count="5" type="stmt"/>
        <line num="186" count="5" type="cond" truecount="2" falsecount="0"/>
        <line num="188" count="4" type="stmt"/>
        <line num="189" count="4" type="stmt"/>
        <line num="195" count="3" type="stmt"/>
        <line num="202" count="3" type="stmt"/>
        <line num="204" count="3" type="cond" truecount="2" falsecount="0"/>
        <line num="218" count="5" type="stmt"/>
        <line num="224" count="5" type="cond" truecount="2" falsecount="0"/>
        <line num="225" count="1" type="stmt"/>
        <line num="229" count="4" type="stmt"/>
        <line num="235" count="4" type="cond" truecount="1" falsecount="1"/>
        <line num="236" count="4" type="stmt"/>
        <line num="240" count="0" type="stmt"/>
        <line num="246" count="0" type="stmt"/>
        <line num="255" count="0" type="stmt"/>
        <line num="268" count="0" type="stmt"/>
        <line num="270" count="0" type="cond" truecount="0" falsecount="2"/>
        <line num="272" count="0" type="stmt"/>
        <line num="276" count="6" type="stmt"/>
      </file>
    </package>
    <package name="express-jobly.routes">
      <metrics statements="204" coveredstatements="128" conditionals="28" coveredconditionals="11" methods="32" coveredmethods="15"/>
      <file name="_testCommon.js" path="/Users/mathewstevens/Desktop/html example/express_intermediate/express-jobly/routes/_testCommon.js">
        <metrics statements="22" coveredstatements="22" conditionals="0" coveredconditionals="0" methods="4" coveredmethods="4"/>
        <line num="3" count="4" type="stmt"/>
        <line num="4" count="4" type="stmt"/>
        <line num="5" count="4" type="stmt"/>
        <line num="6" count="4" type="stmt"/>
        <line num="10" count="4" type="stmt"/>
        <line num="11" count="4" type="stmt"/>
        <line num="12" count="4" type="stmt"/>
        <line num="13" count="4" type="stmt"/>
        <line num="16" count="4" type="stmt"/>
        <line num="23" count="4" type="stmt"/>
        <line num="30" count="4" type="stmt"/>
        <line num="39" count="4" type="stmt"/>
        <line num="47" count="4" type="stmt"/>
        <line num="55" count="4" type="stmt"/>
        <line num="65" count="4" type="stmt"/>
        <line num="73" count="4" type="stmt"/>
        <line num="80" count="64" type="stmt"/>
        <line num="84" count="64" type="stmt"/>
        <line num="88" count="4" type="stmt"/>
        <line num="92" count="4" type="stmt"/>
        <line num="93" count="4" type="stmt"/>
        <line num="95" count="4" type="stmt"/>
      </file>
      <file name="auth.js" path="/Users/mathewstevens/Desktop/html example/express_intermediate/express-jobly/routes/auth.js">
        <metrics statements="30" coveredstatements="30" conditionals="4" coveredconditionals="4" methods="4" coveredmethods="4"/>
        <line num="5" count="5" type="stmt"/>
        <line num="7" count="5" type="stmt"/>
        <line num="8" count="5" type="stmt"/>
        <line num="9" count="5" type="stmt"/>
        <line num="10" count="5" type="stmt"/>
        <line num="11" count="5" type="stmt"/>
        <line num="12" count="5" type="stmt"/>
        <line num="13" count="5" type="stmt"/>
        <line num="22" count="5" type="stmt"/>
        <line num="23" count="5" type="stmt"/>
        <line num="24" count="5" type="stmt"/>
        <line num="25" count="5" type="cond" truecount="2" falsecount="0"/>
        <line num="26" count="2" type="stmt"/>
        <line num="27" count="2" type="stmt"/>
        <line num="30" count="3" type="stmt"/>
        <line num="31" count="3" type="stmt"/>
        <line num="32" count="1" type="stmt"/>
        <line num="33" count="1" type="stmt"/>
        <line num="35" count="4" type="stmt"/>
        <line num="49" count="5" type="stmt"/>
        <line num="50" count="3" type="stmt"/>
        <line num="51" count="3" type="stmt"/>
        <line num="52" count="3" type="cond" truecount="2" falsecount="0"/>
        <line num="53" count="5" type="stmt"/>
        <line num="54" count="2" type="stmt"/>
        <line num="57" count="1" type="stmt"/>
        <line num="58" count="1" type="stmt"/>
        <line num="59" count="1" type="stmt"/>
        <line num="61" count="2" type="stmt"/>
        <line num="66" count="5" type="stmt"/>
      </file>
      <file name="companies.js" path="/Users/mathewstevens/Desktop/html example/express_intermediate/express-jobly/routes/companies.js">
        <metrics statements="50" coveredstatements="15" conditionals="10" coveredconditionals="0" methods="8" coveredmethods="0"/>
        <line num="5" count="5" type="stmt"/>
        <line num="6" count="5" type="stmt"/>
        <line num="8" count="5" type="stmt"/>
        <line num="9" count="5" type="stmt"/>
        <line num="10" count="5" type="stmt"/>
        <line num="12" count="5" type="stmt"/>
        <line num="13" count="5" type="stmt"/>
        <line num="14" count="5" type="stmt"/>
        <line num="16" count="5" type="stmt"/>
        <line num="27" count="5" type="stmt"/>
        <line num="28" count="0" type="stmt"/>
        <line num="29" count="0" type="stmt"/>
        <line num="30" count="0" type="cond" truecount="0" falsecount="2"/>
        <line num="31" count="0" type="stmt"/>
        <line num="32" count="0" type="stmt"/>
        <line num="35" count="0" type="stmt"/>
        <line num="36" count="0" type="stmt"/>
        <line num="38" count="0" type="stmt"/>
        <line num="59" count="5" type="stmt"/>
        <line num="60" count="0" type="stmt"/>
        <line num="63" count="0" type="cond" truecount="0" falsecount="2"/>
        <line num="64" count="0" type="cond" truecount="0" falsecount="2"/>
        <line num="66" count="0" type="stmt"/>
        <line num="68" count="0" type="stmt"/>
        <line num="69" count="0" type="cond" truecount="0" falsecount="2"/>
        <line num="70" count="0" type="stmt"/>
        <line num="71" count="0" type="stmt"/>
        <line num="75" count="0" type="stmt"/>
        <line num="76" count="0" type="stmt"/>
        <line num="78" count="0" type="stmt"/>
        <line num="90" count="5" type="stmt"/>
        <line num="91" count="0" type="stmt"/>
        <line num="92" count="0" type="stmt"/>
        <line num="93" count="0" type="stmt"/>
        <line num="95" count="0" type="stmt"/>
        <line num="110" count="5" type="stmt"/>
        <line num="111" count="0" type="stmt"/>
        <line num="112" count="0" type="stmt"/>
        <line num="113" count="0" type="cond" truecount="0" falsecount="2"/>
        <line num="114" count="0" type="stmt"/>
        <line num="115" count="0" type="stmt"/>
        <line num="118" count="0" type="stmt"/>
        <line num="119" count="0" type="stmt"/>
        <line num="121" count="0" type="stmt"/>
        <line num="130" count="5" type="stmt"/>
        <line num="131" count="0" type="stmt"/>
        <line num="132" count="0" type="stmt"/>
        <line num="133" count="0" type="stmt"/>
        <line num="135" count="0" type="stmt"/>
        <line num="139" count="5" type="stmt"/>
      </file>
      <file name="jobs.js" path="/Users/mathewstevens/Desktop/html example/express_intermediate/express-jobly/routes/jobs.js">
        <metrics statements="50" coveredstatements="26" conditionals="10" coveredconditionals="5" methods="8" coveredmethods="2"/>
        <line num="5" count="5" type="stmt"/>
        <line num="6" count="5" type="stmt"/>
        <line num="8" count="5" type="stmt"/>
        <line num="9" count="5" type="stmt"/>
        <line num="10" count="5" type="stmt"/>
        <line num="11" count="5" type="stmt"/>
        <line num="12" count="5" type="stmt"/>
        <line num="13" count="5" type="stmt"/>
        <line num="15" count="5" type="stmt"/>
        <line num="22" count="5" type="stmt"/>
        <line num="23" count="0" type="stmt"/>
        <line num="24" count="0" type="stmt"/>
        <line num="25" count="0" type="cond" truecount="0" falsecount="2"/>
        <line num="26" count="0" type="stmt"/>
        <line num="27" count="0" type="stmt"/>
        <line num="30" count="0" type="stmt"/>
        <line num="31" count="0" type="stmt"/>
        <line num="33" count="0" type="stmt"/>
        <line num="45" count="5" type="stmt"/>
        <line num="46" count="6" type="stmt"/>
        <line num="49" count="6" type="cond" truecount="2" falsecount="0"/>
        <line num="52" count="6" type="cond" truecount="2" falsecount="0"/>
        <line num="54" count="6" type="stmt"/>
        <line num="56" count="6" type="stmt"/>
        <line num="57" count="6" type="cond" truecount="1" falsecount="1"/>
        <line num="58" count="0" type="stmt"/>
        <line num="59" count="0" type="stmt"/>
        <line num="62" count="6" type="stmt"/>
        <line num="63" count="6" type="stmt"/>
        <line num="65" count="0" type="stmt"/>
        <line num="72" count="5" type="stmt"/>
        <line num="73" count="4" type="stmt"/>
        <line num="74" count="4" type="stmt"/>
        <line num="75" count="0" type="stmt"/>
        <line num="77" count="4" type="stmt"/>
        <line num="86" count="5" type="stmt"/>
        <line num="87" count="0" type="stmt"/>
        <line num="88" count="0" type="stmt"/>
        <line num="89" count="0" type="cond" truecount="0" falsecount="2"/>
        <line num="90" count="0" type="stmt"/>
        <line num="91" count="0" type="stmt"/>
        <line num="94" count="0" type="stmt"/>
        <line num="95" count="0" type="stmt"/>
        <line num="97" count="0" type="stmt"/>
        <line num="103" count="5" type="stmt"/>
        <line num="104" count="0" type="stmt"/>
        <line num="105" count="0" type="stmt"/>
        <line num="106" count="0" type="stmt"/>
        <line num="108" count="0" type="stmt"/>
        <line num="112" count="5" type="stmt"/>
      </file>
      <file name="users.js" path="/Users/mathewstevens/Desktop/html example/express_intermediate/express-jobly/routes/users.js">
        <metrics statements="52" coveredstatements="35" conditionals="4" coveredconditionals="2" methods="8" coveredmethods="5"/>
        <line num="5" count="5" type="stmt"/>
        <line num="6" count="5" type="stmt"/>
        <line num="7" count="5" type="stmt"/>
        <line num="8" count="5" type="stmt"/>
        <line num="9" count="5" type="stmt"/>
        <line num="10" count="5" type="stmt"/>
        <line num="11" count="5" type="stmt"/>
        <line num="12" count="5" type="stmt"/>
        <line num="13" count="5" type="stmt"/>
        <line num="15" count="5" type="stmt"/>
        <line num="29" count="5" type="stmt"/>
        <line num="30" count="0" type="stmt"/>
        <line num="31" count="0" type="stmt"/>
        <line num="32" count="0" type="cond" truecount="0" falsecount="2"/>
        <line num="33" count="0" type="stmt"/>
        <line num="34" count="0" type="stmt"/>
        <line num="37" count="0" type="stmt"/>
        <line num="38" count="0" type="stmt"/>
        <line num="39" count="0" type="stmt"/>
        <line num="41" count="0" type="stmt"/>
        <line num="52" count="5" type="stmt"/>
        <line num="53" count="0" type="stmt"/>
        <line num="54" count="0" type="stmt"/>
        <line num="55" count="0" type="stmt"/>
        <line num="57" count="0" type="stmt"/>
        <line num="69" count="5" type="stmt"/>
        <line num="70" count="1" type="stmt"/>
        <line num="71" count="1" type="stmt"/>
        <line num="72" count="1" type="stmt"/>
        <line num="73" count="0" type="stmt"/>
        <line num="74" count="0" type="stmt"/>
        <line num="76" count="1" type="stmt"/>
        <line num="87" count="5" type="stmt"/>
        <line num="88" count="2" type="stmt"/>
        <line num="89" count="2" type="stmt"/>
        <line num="90" count="0" type="stmt"/>
        <line num="92" count="2" type="stmt"/>
        <line num="106" count="5" type="stmt"/>
        <line num="107" count="3" type="stmt"/>
        <line num="108" count="3" type="stmt"/>
        <line num="109" count="3" type="cond" truecount="2" falsecount="0"/>
        <line num="110" count="1" type="stmt"/>
        <line num="111" count="1" type="stmt"/>
        <line num="114" count="2" type="stmt"/>
        <line num="115" count="2" type="stmt"/>
        <line num="117" count="1" type="stmt"/>
        <line num="126" count="5" type="stmt"/>
        <line num="127" count="1" type="stmt"/>
        <line num="128" count="1" type="stmt"/>
        <line num="129" count="1" type="stmt"/>
        <line num="131" count="0" type="stmt"/>
        <line num="135" count="5" type="stmt"/>
      </file>
    </package>
  </project>
</coverage>
