{"/Users/mathewstevens/Desktop/html example/express_intermediate/express-jobly/app.js": {"path":"/Users/mathewstevens/Desktop/html example/express_intermediate/express-jobly/app.js","statementMap":{"0":{"start":{"line":5,"column":16},"end":{"line":5,"column":34}},"1":{"start":{"line":6,"column":13},"end":{"line":6,"column":28}},"2":{"start":{"line":8,"column":26},"end":{"line":8,"column":51}},"3":{"start":{"line":9,"column":28},"end":{"line":9,"column":56}},"4":{"start":{"line":11,"column":19},"end":{"line":11,"column":43}},"5":{"start":{"line":12,"column":24},"end":{"line":12,"column":53}},"6":{"start":{"line":13,"column":20},"end":{"line":13,"column":45}},"7":{"start":{"line":14,"column":19},"end":{"line":14,"column":43}},"8":{"start":{"line":16,"column":15},"end":{"line":16,"column":32}},"9":{"start":{"line":18,"column":12},"end":{"line":18,"column":21}},"10":{"start":{"line":20,"column":0},"end":{"line":20,"column":16}},"11":{"start":{"line":21,"column":0},"end":{"line":21,"column":24}},"12":{"start":{"line":22,"column":0},"end":{"line":22,"column":24}},"13":{"start":{"line":23,"column":0},"end":{"line":23,"column":25}},"14":{"start":{"line":25,"column":0},"end":{"line":25,"column":29}},"15":{"start":{"line":26,"column":0},"end":{"line":26,"column":39}},"16":{"start":{"line":27,"column":0},"end":{"line":27,"column":31}},"17":{"start":{"line":28,"column":0},"end":{"line":28,"column":29}},"18":{"start":{"line":31,"column":0},"end":{"line":33,"column":3}},"19":{"start":{"line":32,"column":2},"end":{"line":32,"column":35}},"20":{"start":{"line":36,"column":0},"end":{"line":44,"column":3}},"21":{"start":{"line":37,"column":2},"end":{"line":37,"column":64}},"22":{"start":{"line":37,"column":39},"end":{"line":37,"column":64}},"23":{"start":{"line":38,"column":17},"end":{"line":38,"column":34}},"24":{"start":{"line":39,"column":18},"end":{"line":39,"column":29}},"25":{"start":{"line":41,"column":2},"end":{"line":43,"column":5}},"26":{"start":{"line":46,"column":0},"end":{"line":46,"column":21}}},"fnMap":{"0":{"name":"(anonymous_0)","decl":{"start":{"line":31,"column":8},"end":{"line":31,"column":9}},"loc":{"start":{"line":31,"column":34},"end":{"line":33,"column":1}},"line":31},"1":{"name":"(anonymous_1)","decl":{"start":{"line":36,"column":8},"end":{"line":36,"column":9}},"loc":{"start":{"line":36,"column":39},"end":{"line":44,"column":1}},"line":36}},"branchMap":{"0":{"loc":{"start":{"line":37,"column":2},"end":{"line":37,"column":64}},"type":"if","locations":[{"start":{"line":37,"column":2},"end":{"line":37,"column":64}},{"start":{},"end":{}}],"line":37},"1":{"loc":{"start":{"line":38,"column":17},"end":{"line":38,"column":34}},"type":"binary-expr","locations":[{"start":{"line":38,"column":17},"end":{"line":38,"column":27}},{"start":{"line":38,"column":31},"end":{"line":38,"column":34}}],"line":38}},"s":{"0":5,"1":5,"2":5,"3":5,"4":5,"5":5,"6":5,"7":5,"8":5,"9":5,"10":5,"11":5,"12":5,"13":5,"14":5,"15":5,"16":5,"17":5,"18":5,"19":2,"20":5,"21":55,"22":1,"23":55,"24":55,"25":55,"26":5},"f":{"0":2,"1":55},"b":{"0":[1,54],"1":[55,1]},"_coverageSchema":"1a1c01bbd47fc00a2c39e90264f33305004495a9","hash":"858c75b5ac9fbbd82a7c056867b8cf368bd5e542"}
,"/Users/mathewstevens/Desktop/html example/express_intermediate/express-jobly/config.js": {"path":"/Users/mathewstevens/Desktop/html example/express_intermediate/express-jobly/config.js","statementMap":{"0":{"start":{"line":5,"column":0},"end":{"line":5,"column":27}},"1":{"start":{"line":6,"column":0},"end":{"line":6,"column":18}},"2":{"start":{"line":8,"column":19},"end":{"line":8,"column":57}},"3":{"start":{"line":10,"column":13},"end":{"line":10,"column":38}},"4":{"start":{"line":22,"column":2},"end":{"line":24,"column":58}},"5":{"start":{"line":30,"column":27},"end":{"line":30,"column":67}},"6":{"start":{"line":32,"column":0},"end":{"line":32,"column":35}},"7":{"start":{"line":33,"column":0},"end":{"line":33,"column":46}},"8":{"start":{"line":34,"column":0},"end":{"line":34,"column":45}},"9":{"start":{"line":35,"column":0},"end":{"line":35,"column":61}},"10":{"start":{"line":36,"column":0},"end":{"line":36,"column":50}},"11":{"start":{"line":37,"column":0},"end":{"line":37,"column":19}},"12":{"start":{"line":39,"column":0},"end":{"line":44,"column":2}}},"fnMap":{"0":{"name":"getDatabaseUri","decl":{"start":{"line":21,"column":9},"end":{"line":21,"column":23}},"loc":{"start":{"line":21,"column":26},"end":{"line":25,"column":1}},"line":21}},"branchMap":{"0":{"loc":{"start":{"line":8,"column":19},"end":{"line":8,"column":57}},"type":"binary-expr","locations":[{"start":{"line":8,"column":19},"end":{"line":8,"column":41}},{"start":{"line":8,"column":45},"end":{"line":8,"column":57}}],"line":8},"1":{"loc":{"start":{"line":10,"column":13},"end":{"line":10,"column":38}},"type":"binary-expr","locations":[{"start":{"line":10,"column":13},"end":{"line":10,"column":30}},{"start":{"line":10,"column":34},"end":{"line":10,"column":38}}],"line":10},"2":{"loc":{"start":{"line":22,"column":9},"end":{"line":24,"column":57}},"type":"cond-expr","locations":[{"start":{"line":23,"column":8},"end":{"line":23,"column":34}},{"start":{"line":24,"column":8},"end":{"line":24,"column":57}}],"line":22},"3":{"loc":{"start":{"line":24,"column":8},"end":{"line":24,"column":57}},"type":"binary-expr","locations":[{"start":{"line":24,"column":8},"end":{"line":24,"column":32}},{"start":{"line":24,"column":36},"end":{"line":24,"column":57}}],"line":24},"4":{"loc":{"start":{"line":30,"column":27},"end":{"line":30,"column":67}},"type":"cond-expr","locations":[{"start":{"line":30,"column":61},"end":{"line":30,"column":62}},{"start":{"line":30,"column":65},"end":{"line":30,"column":67}}],"line":30}},"s":{"0":11,"1":11,"2":11,"3":11,"4":22,"5":11,"6":11,"7":11,"8":11,"9":11,"10":11,"11":11,"12":11},"f":{"0":22},"b":{"0":[11,0],"1":[11,0],"2":[19,3],"3":[3,1],"4":[10,1]},"_coverageSchema":"1a1c01bbd47fc00a2c39e90264f33305004495a9","hash":"572a63205be6b1b2e2cf17feb54c98ad46a59468"}
,"/Users/mathewstevens/Desktop/html example/express_intermediate/express-jobly/db.js": {"path":"/Users/mathewstevens/Desktop/html example/express_intermediate/express-jobly/db.js","statementMap":{"0":{"start":{"line":3,"column":19},"end":{"line":3,"column":32}},"1":{"start":{"line":4,"column":27},"end":{"line":4,"column":46}},"2":{"start":{"line":8,"column":0},"end":{"line":19,"column":1}},"3":{"start":{"line":9,"column":2},"end":{"line":14,"column":5}},"4":{"start":{"line":16,"column":2},"end":{"line":18,"column":5}},"5":{"start":{"line":21,"column":0},"end":{"line":21,"column":13}},"6":{"start":{"line":23,"column":0},"end":{"line":23,"column":20}}},"fnMap":{},"branchMap":{"0":{"loc":{"start":{"line":8,"column":0},"end":{"line":19,"column":1}},"type":"if","locations":[{"start":{"line":8,"column":0},"end":{"line":19,"column":1}},{"start":{"line":15,"column":7},"end":{"line":19,"column":1}}],"line":8}},"s":{"0":8,"1":8,"2":8,"3":0,"4":8,"5":8,"6":8},"f":{},"b":{"0":[0,8]},"_coverageSchema":"1a1c01bbd47fc00a2c39e90264f33305004495a9","hash":"0902b4941451990e6cfe076913cd301b462697c5"}
,"/Users/mathewstevens/Desktop/html example/express_intermediate/express-jobly/expressError.js": {"path":"/Users/mathewstevens/Desktop/html example/express_intermediate/express-jobly/expressError.js","statementMap":{"0":{"start":{"line":9,"column":4},"end":{"line":9,"column":12}},"1":{"start":{"line":10,"column":4},"end":{"line":10,"column":27}},"2":{"start":{"line":11,"column":4},"end":{"line":11,"column":25}},"3":{"start":{"line":19,"column":4},"end":{"line":19,"column":24}},"4":{"start":{"line":27,"column":4},"end":{"line":27,"column":24}},"5":{"start":{"line":35,"column":4},"end":{"line":35,"column":24}},"6":{"start":{"line":43,"column":4},"end":{"line":43,"column":24}},"7":{"start":{"line":47,"column":0},"end":{"line":53,"column":2}}},"fnMap":{"0":{"name":"(anonymous_0)","decl":{"start":{"line":8,"column":2},"end":{"line":8,"column":3}},"loc":{"start":{"line":8,"column":31},"end":{"line":12,"column":3}},"line":8},"1":{"name":"(anonymous_1)","decl":{"start":{"line":18,"column":2},"end":{"line":18,"column":3}},"loc":{"start":{"line":18,"column":37},"end":{"line":20,"column":3}},"line":18},"2":{"name":"(anonymous_2)","decl":{"start":{"line":26,"column":2},"end":{"line":26,"column":3}},"loc":{"start":{"line":26,"column":40},"end":{"line":28,"column":3}},"line":26},"3":{"name":"(anonymous_3)","decl":{"start":{"line":34,"column":2},"end":{"line":34,"column":3}},"loc":{"start":{"line":34,"column":39},"end":{"line":36,"column":3}},"line":34},"4":{"name":"(anonymous_4)","decl":{"start":{"line":42,"column":2},"end":{"line":42,"column":3}},"loc":{"start":{"line":42,"column":39},"end":{"line":44,"column":3}},"line":42}},"branchMap":{"0":{"loc":{"start":{"line":18,"column":14},"end":{"line":18,"column":35}},"type":"default-arg","locations":[{"start":{"line":18,"column":24},"end":{"line":18,"column":35}}],"line":18},"1":{"loc":{"start":{"line":26,"column":14},"end":{"line":26,"column":38}},"type":"default-arg","locations":[{"start":{"line":26,"column":24},"end":{"line":26,"column":38}}],"line":26},"2":{"loc":{"start":{"line":34,"column":14},"end":{"line":34,"column":37}},"type":"default-arg","locations":[{"start":{"line":34,"column":24},"end":{"line":34,"column":37}}],"line":34},"3":{"loc":{"start":{"line":42,"column":14},"end":{"line":42,"column":37}},"type":"default-arg","locations":[{"start":{"line":42,"column":24},"end":{"line":42,"column":37}}],"line":42}},"s":{"0":78,"1":78,"2":78,"3":23,"4":44,"5":11,"6":0,"7":10},"f":{"0":78,"1":23,"2":44,"3":11,"4":0},"b":{"0":[2],"1":[1],"2":[0],"3":[0]},"_coverageSchema":"1a1c01bbd47fc00a2c39e90264f33305004495a9","hash":"029363ce13e8957bba1b374cf19934ea678a8a67"}
,"/Users/mathewstevens/Desktop/html example/express_intermediate/express-jobly/helpers/sql.js": {"path":"/Users/mathewstevens/Desktop/html example/express_intermediate/express-jobly/helpers/sql.js","statementMap":{"0":{"start":{"line":3,"column":28},"end":{"line":3,"column":54}},"1":{"start":{"line":33,"column":15},"end":{"line":33,"column":40}},"2":{"start":{"line":34,"column":2},"end":{"line":34,"column":62}},"3":{"start":{"line":34,"column":25},"end":{"line":34,"column":62}},"4":{"start":{"line":36,"column":15},"end":{"line":38,"column":3}},"5":{"start":{"line":37,"column":6},"end":{"line":37,"column":52}},"6":{"start":{"line":40,"column":2},"end":{"line":43,"column":4}},"7":{"start":{"line":46,"column":0},"end":{"line":46,"column":41}}},"fnMap":{"0":{"name":"sqlForPartialUpdate","decl":{"start":{"line":32,"column":9},"end":{"line":32,"column":28}},"loc":{"start":{"line":32,"column":52},"end":{"line":44,"column":1}},"line":32},"1":{"name":"(anonymous_1)","decl":{"start":{"line":36,"column":24},"end":{"line":36,"column":25}},"loc":{"start":{"line":37,"column":6},"end":{"line":37,"column":52}},"line":37}},"branchMap":{"0":{"loc":{"start":{"line":34,"column":2},"end":{"line":34,"column":62}},"type":"if","locations":[{"start":{"line":34,"column":2},"end":{"line":34,"column":62}},{"start":{},"end":{}}],"line":34},"1":{"loc":{"start":{"line":37,"column":10},"end":{"line":37,"column":37}},"type":"binary-expr","locations":[{"start":{"line":37,"column":10},"end":{"line":37,"column":26}},{"start":{"line":37,"column":30},"end":{"line":37,"column":37}}],"line":37}},"s":{"0":9,"1":16,"2":16,"3":4,"4":12,"5":30,"6":12,"7":9},"f":{"0":16,"1":30},"b":{"0":[4,12],"1":[30,18]},"_coverageSchema":"1a1c01bbd47fc00a2c39e90264f33305004495a9","hash":"17803ecfefb3335ac7cb087996ee933eadfcebed"}
,"/Users/mathewstevens/Desktop/html example/express_intermediate/express-jobly/helpers/tokens.js": {"path":"/Users/mathewstevens/Desktop/html example/express_intermediate/express-jobly/helpers/tokens.js","statementMap":{"0":{"start":{"line":1,"column":12},"end":{"line":1,"column":35}},"1":{"start":{"line":2,"column":23},"end":{"line":2,"column":43}},"2":{"start":{"line":7,"column":2},"end":{"line":10,"column":4}},"3":{"start":{"line":12,"column":16},"end":{"line":16,"column":3}},"4":{"start":{"line":18,"column":2},"end":{"line":18,"column":39}},"5":{"start":{"line":21,"column":0},"end":{"line":21,"column":33}}},"fnMap":{"0":{"name":"createToken","decl":{"start":{"line":6,"column":9},"end":{"line":6,"column":20}},"loc":{"start":{"line":6,"column":27},"end":{"line":19,"column":1}},"line":6}},"branchMap":{},"s":{"0":6,"1":6,"2":13,"3":13,"4":13,"5":6},"f":{"0":13},"b":{},"_coverageSchema":"1a1c01bbd47fc00a2c39e90264f33305004495a9","hash":"4188a07f0a0b5d107f3c3a051c10d437049c335f"}
,"/Users/mathewstevens/Desktop/html example/express_intermediate/express-jobly/middleware/auth.js": {"path":"/Users/mathewstevens/Desktop/html example/express_intermediate/express-jobly/middleware/auth.js","statementMap":{"0":{"start":{"line":5,"column":12},"end":{"line":5,"column":35}},"1":{"start":{"line":6,"column":23},"end":{"line":6,"column":43}},"2":{"start":{"line":7,"column":30},"end":{"line":7,"column":56}},"3":{"start":{"line":18,"column":2},"end":{"line":27,"column":3}},"4":{"start":{"line":19,"column":23},"end":{"line":19,"column":63}},"5":{"start":{"line":20,"column":4},"end":{"line":23,"column":5}},"6":{"start":{"line":21,"column":20},"end":{"line":21,"column":64}},"7":{"start":{"line":22,"column":6},"end":{"line":22,"column":54}},"8":{"start":{"line":24,"column":4},"end":{"line":24,"column":18}},"9":{"start":{"line":26,"column":4},"end":{"line":26,"column":18}},"10":{"start":{"line":36,"column":2},"end":{"line":41,"column":3}},"11":{"start":{"line":37,"column":4},"end":{"line":37,"column":56}},"12":{"start":{"line":37,"column":26},"end":{"line":37,"column":56}},"13":{"start":{"line":38,"column":4},"end":{"line":38,"column":18}},"14":{"start":{"line":40,"column":4},"end":{"line":40,"column":21}},"15":{"start":{"line":50,"column":2},"end":{"line":57,"column":3}},"16":{"start":{"line":51,"column":4},"end":{"line":53,"column":5}},"17":{"start":{"line":52,"column":6},"end":{"line":52,"column":63}},"18":{"start":{"line":54,"column":4},"end":{"line":54,"column":18}},"19":{"start":{"line":56,"column":4},"end":{"line":56,"column":21}},"20":{"start":{"line":66,"column":2},"end":{"line":74,"column":3}},"21":{"start":{"line":67,"column":17},"end":{"line":67,"column":32}},"22":{"start":{"line":68,"column":4},"end":{"line":70,"column":5}},"23":{"start":{"line":69,"column":6},"end":{"line":69,"column":50}},"24":{"start":{"line":71,"column":4},"end":{"line":71,"column":18}},"25":{"start":{"line":73,"column":4},"end":{"line":73,"column":21}},"26":{"start":{"line":77,"column":0},"end":{"line":82,"column":2}}},"fnMap":{"0":{"name":"authenticateJWT","decl":{"start":{"line":17,"column":9},"end":{"line":17,"column":24}},"loc":{"start":{"line":17,"column":41},"end":{"line":28,"column":1}},"line":17},"1":{"name":"ensureLoggedIn","decl":{"start":{"line":35,"column":9},"end":{"line":35,"column":23}},"loc":{"start":{"line":35,"column":40},"end":{"line":42,"column":1}},"line":35},"2":{"name":"ensureAdmin","decl":{"start":{"line":49,"column":9},"end":{"line":49,"column":20}},"loc":{"start":{"line":49,"column":37},"end":{"line":58,"column":1}},"line":49},"3":{"name":"ensureCorrectUserOrAdmin","decl":{"start":{"line":65,"column":9},"end":{"line":65,"column":33}},"loc":{"start":{"line":65,"column":50},"end":{"line":75,"column":1}},"line":65}},"branchMap":{"0":{"loc":{"start":{"line":19,"column":23},"end":{"line":19,"column":63}},"type":"binary-expr","locations":[{"start":{"line":19,"column":23},"end":{"line":19,"column":34}},{"start":{"line":19,"column":38},"end":{"line":19,"column":63}}],"line":19},"1":{"loc":{"start":{"line":20,"column":4},"end":{"line":23,"column":5}},"type":"if","locations":[{"start":{"line":20,"column":4},"end":{"line":23,"column":5}},{"start":{},"end":{}}],"line":20},"2":{"loc":{"start":{"line":37,"column":4},"end":{"line":37,"column":56}},"type":"if","locations":[{"start":{"line":37,"column":4},"end":{"line":37,"column":56}},{"start":{},"end":{}}],"line":37},"3":{"loc":{"start":{"line":51,"column":4},"end":{"line":53,"column":5}},"type":"if","locations":[{"start":{"line":51,"column":4},"end":{"line":53,"column":5}},{"start":{},"end":{}}],"line":51},"4":{"loc":{"start":{"line":51,"column":8},"end":{"line":51,"column":52}},"type":"binary-expr","locations":[{"start":{"line":51,"column":8},"end":{"line":51,"column":24}},{"start":{"line":51,"column":28},"end":{"line":51,"column":52}}],"line":51},"5":{"loc":{"start":{"line":68,"column":4},"end":{"line":70,"column":5}},"type":"if","locations":[{"start":{"line":68,"column":4},"end":{"line":70,"column":5}},{"start":{},"end":{}}],"line":68},"6":{"loc":{"start":{"line":68,"column":10},"end":{"line":68,"column":73}},"type":"binary-expr","locations":[{"start":{"line":68,"column":10},"end":{"line":68,"column":14}},{"start":{"line":68,"column":19},"end":{"line":68,"column":31}},{"start":{"line":68,"column":35},"end":{"line":68,"column":72}}],"line":68}},"s":{"0":6,"1":6,"2":6,"3":69,"4":69,"5":69,"6":43,"7":43,"8":47,"9":22,"10":2,"11":2,"12":1,"13":1,"14":1,"15":30,"16":30,"17":30,"18":0,"19":30,"20":16,"21":16,"22":16,"23":9,"24":7,"25":9,"26":6},"f":{"0":69,"1":2,"2":30,"3":16},"b":{"0":[69,68],"1":[43,26],"2":[1,1],"3":[30,0],"4":[30,9],"5":[9,7],"6":[16,11,11]},"_coverageSchema":"1a1c01bbd47fc00a2c39e90264f33305004495a9","hash":"bee523e1f7a2c1e4cb7362f364aaf42e073ef0ac"}
,"/Users/mathewstevens/Desktop/html example/express_intermediate/express-jobly/models/_testCommon.js": {"path":"/Users/mathewstevens/Desktop/html example/express_intermediate/express-jobly/models/_testCommon.js","statementMap":{"0":{"start":{"line":1,"column":15},"end":{"line":1,"column":32}},"1":{"start":{"line":2,"column":12},"end":{"line":2,"column":35}},"2":{"start":{"line":4,"column":11},"end":{"line":4,"column":30}},"3":{"start":{"line":5,"column":43},"end":{"line":5,"column":63}},"4":{"start":{"line":12,"column":2},"end":{"line":12,"column":45}},"5":{"start":{"line":13,"column":2},"end":{"line":13,"column":37}},"6":{"start":{"line":14,"column":2},"end":{"line":14,"column":42}},"7":{"start":{"line":15,"column":2},"end":{"line":15,"column":38}},"8":{"start":{"line":17,"column":2},"end":{"line":21,"column":55}},"9":{"start":{"line":24,"column":2},"end":{"line":27,"column":42}},"10":{"start":{"line":30,"column":2},"end":{"line":43,"column":9}},"11":{"start":{"line":46,"column":2},"end":{"line":46,"column":75}},"12":{"start":{"line":47,"column":2},"end":{"line":47,"column":75}},"13":{"start":{"line":51,"column":2},"end":{"line":51,"column":26}},"14":{"start":{"line":55,"column":2},"end":{"line":55,"column":29}},"15":{"start":{"line":59,"column":2},"end":{"line":59,"column":17}},"16":{"start":{"line":62,"column":0},"end":{"line":69,"column":2}}},"fnMap":{"0":{"name":"commonBeforeAll","decl":{"start":{"line":10,"column":15},"end":{"line":10,"column":30}},"loc":{"start":{"line":10,"column":33},"end":{"line":48,"column":1}},"line":10},"1":{"name":"commonBeforeEach","decl":{"start":{"line":50,"column":15},"end":{"line":50,"column":31}},"loc":{"start":{"line":50,"column":34},"end":{"line":52,"column":1}},"line":50},"2":{"name":"commonAfterEach","decl":{"start":{"line":54,"column":15},"end":{"line":54,"column":30}},"loc":{"start":{"line":54,"column":33},"end":{"line":56,"column":1}},"line":54},"3":{"name":"commonAfterAll","decl":{"start":{"line":58,"column":15},"end":{"line":58,"column":29}},"loc":{"start":{"line":58,"column":32},"end":{"line":60,"column":1}},"line":58}},"branchMap":{},"s":{"0":3,"1":3,"2":3,"3":3,"4":3,"5":3,"6":3,"7":3,"8":3,"9":3,"10":3,"11":3,"12":3,"13":43,"14":43,"15":3,"16":3},"f":{"0":3,"1":43,"2":43,"3":3},"b":{},"_coverageSchema":"1a1c01bbd47fc00a2c39e90264f33305004495a9","hash":"78526825be00781655685f50fda4da68a120fb6b"}
,"/Users/mathewstevens/Desktop/html example/express_intermediate/express-jobly/models/company.js": {"path":"/Users/mathewstevens/Desktop/html example/express_intermediate/express-jobly/models/company.js","statementMap":{"0":{"start":{"line":3,"column":11},"end":{"line":3,"column":27}},"1":{"start":{"line":4,"column":43},"end":{"line":4,"column":69}},"2":{"start":{"line":5,"column":32},"end":{"line":5,"column":57}},"3":{"start":{"line":19,"column":27},"end":{"line":24,"column":5}},"4":{"start":{"line":26,"column":4},"end":{"line":27,"column":64}},"5":{"start":{"line":27,"column":6},"end":{"line":27,"column":64}},"6":{"start":{"line":29,"column":19},"end":{"line":35,"column":5}},"7":{"start":{"line":36,"column":20},"end":{"line":36,"column":34}},"8":{"start":{"line":38,"column":4},"end":{"line":38,"column":19}},"9":{"start":{"line":52,"column":16},"end":{"line":57,"column":32}},"10":{"start":{"line":58,"column":27},"end":{"line":58,"column":29}},"11":{"start":{"line":59,"column":22},"end":{"line":59,"column":24}},"12":{"start":{"line":62,"column":4},"end":{"line":65,"column":5}},"13":{"start":{"line":63,"column":6},"end":{"line":63,"column":36}},"14":{"start":{"line":64,"column":6},"end":{"line":64,"column":65}},"15":{"start":{"line":68,"column":4},"end":{"line":71,"column":5}},"16":{"start":{"line":69,"column":6},"end":{"line":69,"column":37}},"17":{"start":{"line":70,"column":6},"end":{"line":70,"column":71}},"18":{"start":{"line":74,"column":4},"end":{"line":77,"column":5}},"19":{"start":{"line":75,"column":6},"end":{"line":75,"column":37}},"20":{"start":{"line":76,"column":6},"end":{"line":76,"column":71}},"21":{"start":{"line":80,"column":4},"end":{"line":82,"column":5}},"22":{"start":{"line":81,"column":6},"end":{"line":81,"column":86}},"23":{"start":{"line":85,"column":4},"end":{"line":87,"column":5}},"24":{"start":{"line":86,"column":6},"end":{"line":86,"column":58}},"25":{"start":{"line":90,"column":4},"end":{"line":90,"column":30}},"26":{"start":{"line":91,"column":25},"end":{"line":91,"column":59}},"27":{"start":{"line":92,"column":4},"end":{"line":92,"column":29}},"28":{"start":{"line":103,"column":23},"end":{"line":112,"column":5}},"29":{"start":{"line":114,"column":20},"end":{"line":114,"column":38}},"30":{"start":{"line":116,"column":4},"end":{"line":116,"column":67}},"31":{"start":{"line":116,"column":18},"end":{"line":116,"column":67}},"32":{"start":{"line":118,"column":20},"end":{"line":123,"column":5}},"33":{"start":{"line":125,"column":4},"end":{"line":125,"column":32}},"34":{"start":{"line":127,"column":4},"end":{"line":127,"column":19}},"35":{"start":{"line":142,"column":32},"end":{"line":145,"column":6}},"36":{"start":{"line":146,"column":25},"end":{"line":146,"column":50}},"37":{"start":{"line":148,"column":21},"end":{"line":155,"column":54}},"38":{"start":{"line":156,"column":19},"end":{"line":156,"column":64}},"39":{"start":{"line":157,"column":20},"end":{"line":157,"column":34}},"40":{"start":{"line":159,"column":4},"end":{"line":159,"column":67}},"41":{"start":{"line":159,"column":18},"end":{"line":159,"column":67}},"42":{"start":{"line":161,"column":4},"end":{"line":161,"column":19}},"43":{"start":{"line":169,"column":19},"end":{"line":175,"column":5}},"44":{"start":{"line":176,"column":20},"end":{"line":176,"column":34}},"45":{"start":{"line":178,"column":4},"end":{"line":178,"column":67}},"46":{"start":{"line":178,"column":18},"end":{"line":178,"column":67}},"47":{"start":{"line":182,"column":0},"end":{"line":182,"column":25}}},"fnMap":{"0":{"name":"(anonymous_0)","decl":{"start":{"line":18,"column":2},"end":{"line":18,"column":3}},"loc":{"start":{"line":18,"column":76},"end":{"line":39,"column":3}},"line":18},"1":{"name":"(anonymous_1)","decl":{"start":{"line":51,"column":2},"end":{"line":51,"column":3}},"loc":{"start":{"line":51,"column":66},"end":{"line":93,"column":3}},"line":51},"2":{"name":"(anonymous_2)","decl":{"start":{"line":102,"column":2},"end":{"line":102,"column":3}},"loc":{"start":{"line":102,"column":27},"end":{"line":128,"column":3}},"line":102},"3":{"name":"(anonymous_3)","decl":{"start":{"line":141,"column":2},"end":{"line":141,"column":3}},"loc":{"start":{"line":141,"column":36},"end":{"line":162,"column":3}},"line":141},"4":{"name":"(anonymous_4)","decl":{"start":{"line":168,"column":2},"end":{"line":168,"column":3}},"loc":{"start":{"line":168,"column":30},"end":{"line":179,"column":3}},"line":168}},"branchMap":{"0":{"loc":{"start":{"line":26,"column":4},"end":{"line":27,"column":64}},"type":"if","locations":[{"start":{"line":26,"column":4},"end":{"line":27,"column":64}},{"start":{},"end":{}}],"line":26},"1":{"loc":{"start":{"line":51,"column":23},"end":{"line":51,"column":64}},"type":"default-arg","locations":[{"start":{"line":51,"column":62},"end":{"line":51,"column":64}}],"line":51},"2":{"loc":{"start":{"line":62,"column":4},"end":{"line":65,"column":5}},"type":"if","locations":[{"start":{"line":62,"column":4},"end":{"line":65,"column":5}},{"start":{},"end":{}}],"line":62},"3":{"loc":{"start":{"line":68,"column":4},"end":{"line":71,"column":5}},"type":"if","locations":[{"start":{"line":68,"column":4},"end":{"line":71,"column":5}},{"start":{},"end":{}}],"line":68},"4":{"loc":{"start":{"line":74,"column":4},"end":{"line":77,"column":5}},"type":"if","locations":[{"start":{"line":74,"column":4},"end":{"line":77,"column":5}},{"start":{},"end":{}}],"line":74},"5":{"loc":{"start":{"line":80,"column":4},"end":{"line":82,"column":5}},"type":"if","locations":[{"start":{"line":80,"column":4},"end":{"line":82,"column":5}},{"start":{},"end":{}}],"line":80},"6":{"loc":{"start":{"line":80,"column":8},"end":{"line":80,"column":95}},"type":"binary-expr","locations":[{"start":{"line":80,"column":8},"end":{"line":80,"column":34}},{"start":{"line":80,"column":38},"end":{"line":80,"column":64}},{"start":{"line":80,"column":68},"end":{"line":80,"column":95}}],"line":80},"7":{"loc":{"start":{"line":85,"column":4},"end":{"line":87,"column":5}},"type":"if","locations":[{"start":{"line":85,"column":4},"end":{"line":87,"column":5}},{"start":{},"end":{}}],"line":85},"8":{"loc":{"start":{"line":116,"column":4},"end":{"line":116,"column":67}},"type":"if","locations":[{"start":{"line":116,"column":4},"end":{"line":116,"column":67}},{"start":{},"end":{}}],"line":116},"9":{"loc":{"start":{"line":159,"column":4},"end":{"line":159,"column":67}},"type":"if","locations":[{"start":{"line":159,"column":4},"end":{"line":159,"column":67}},{"start":{},"end":{}}],"line":159},"10":{"loc":{"start":{"line":178,"column":4},"end":{"line":178,"column":67}},"type":"if","locations":[{"start":{"line":178,"column":4},"end":{"line":178,"column":67}},{"start":{},"end":{}}],"line":178}},"s":{"0":6,"1":6,"2":6,"3":15,"4":15,"5":1,"6":14,"7":14,"8":14,"9":1,"10":1,"11":1,"12":1,"13":0,"14":0,"15":1,"16":0,"17":0,"18":1,"19":0,"20":0,"21":1,"22":0,"23":1,"24":0,"25":1,"26":1,"27":1,"28":3,"29":3,"30":3,"31":1,"32":2,"33":2,"34":2,"35":4,"36":3,"37":3,"38":3,"39":3,"40":3,"41":1,"42":2,"43":2,"44":2,"45":2,"46":1,"47":6},"f":{"0":15,"1":1,"2":3,"3":4,"4":2},"b":{"0":[1,14],"1":[1],"2":[0,1],"3":[0,1],"4":[0,1],"5":[0,1],"6":[1,0,0],"7":[0,1],"8":[1,2],"9":[1,2],"10":[1,1]},"_coverageSchema":"1a1c01bbd47fc00a2c39e90264f33305004495a9","hash":"46cccad0c29fff0dc289efb8b180241c4e3a350b"}
,"/Users/mathewstevens/Desktop/html example/express_intermediate/express-jobly/models/job.js": {"path":"/Users/mathewstevens/Desktop/html example/express_intermediate/express-jobly/models/job.js","statementMap":{"0":{"start":{"line":3,"column":11},"end":{"line":3,"column":27}},"1":{"start":{"line":4,"column":43},"end":{"line":4,"column":69}},"2":{"start":{"line":5,"column":32},"end":{"line":5,"column":57}},"3":{"start":{"line":16,"column":23},"end":{"line":21,"column":9}},"4":{"start":{"line":22,"column":20},"end":{"line":22,"column":34}},"5":{"start":{"line":23,"column":8},"end":{"line":23,"column":19}},"6":{"start":{"line":34,"column":20},"end":{"line":39,"column":31}},"7":{"start":{"line":40,"column":31},"end":{"line":40,"column":33}},"8":{"start":{"line":41,"column":26},"end":{"line":41,"column":28}},"9":{"start":{"line":43,"column":8},"end":{"line":46,"column":9}},"10":{"start":{"line":44,"column":12},"end":{"line":44,"column":43}},"11":{"start":{"line":45,"column":12},"end":{"line":45,"column":72}},"12":{"start":{"line":48,"column":8},"end":{"line":51,"column":9}},"13":{"start":{"line":49,"column":12},"end":{"line":49,"column":40}},"14":{"start":{"line":50,"column":12},"end":{"line":50,"column":70}},"15":{"start":{"line":53,"column":8},"end":{"line":55,"column":9}},"16":{"start":{"line":54,"column":12},"end":{"line":54,"column":48}},"17":{"start":{"line":57,"column":8},"end":{"line":59,"column":9}},"18":{"start":{"line":58,"column":12},"end":{"line":58,"column":64}},"19":{"start":{"line":61,"column":8},"end":{"line":61,"column":35}},"20":{"start":{"line":62,"column":24},"end":{"line":62,"column":58}},"21":{"start":{"line":63,"column":8},"end":{"line":63,"column":28}},"22":{"start":{"line":71,"column":23},"end":{"line":80,"column":9}},"23":{"start":{"line":81,"column":20},"end":{"line":81,"column":34}},"24":{"start":{"line":82,"column":8},"end":{"line":82,"column":59}},"25":{"start":{"line":82,"column":18},"end":{"line":82,"column":59}},"26":{"start":{"line":83,"column":8},"end":{"line":83,"column":19}},"27":{"start":{"line":93,"column":36},"end":{"line":95,"column":10}},"28":{"start":{"line":96,"column":25},"end":{"line":96,"column":50}},"29":{"start":{"line":98,"column":25},"end":{"line":105,"column":70}},"30":{"start":{"line":106,"column":23},"end":{"line":106,"column":64}},"31":{"start":{"line":107,"column":20},"end":{"line":107,"column":34}},"32":{"start":{"line":109,"column":8},"end":{"line":109,"column":59}},"33":{"start":{"line":109,"column":18},"end":{"line":109,"column":59}},"34":{"start":{"line":111,"column":8},"end":{"line":111,"column":19}},"35":{"start":{"line":118,"column":23},"end":{"line":124,"column":9}},"36":{"start":{"line":125,"column":20},"end":{"line":125,"column":34}},"37":{"start":{"line":126,"column":8},"end":{"line":126,"column":59}},"38":{"start":{"line":126,"column":18},"end":{"line":126,"column":59}},"39":{"start":{"line":130,"column":0},"end":{"line":130,"column":21}}},"fnMap":{"0":{"name":"(anonymous_0)","decl":{"start":{"line":15,"column":4},"end":{"line":15,"column":5}},"loc":{"start":{"line":15,"column":66},"end":{"line":24,"column":5}},"line":15},"1":{"name":"(anonymous_1)","decl":{"start":{"line":33,"column":4},"end":{"line":33,"column":5}},"loc":{"start":{"line":33,"column":63},"end":{"line":64,"column":5}},"line":33},"2":{"name":"(anonymous_2)","decl":{"start":{"line":70,"column":4},"end":{"line":70,"column":5}},"loc":{"start":{"line":70,"column":25},"end":{"line":84,"column":5}},"line":70},"3":{"name":"(anonymous_3)","decl":{"start":{"line":92,"column":4},"end":{"line":92,"column":5}},"loc":{"start":{"line":92,"column":34},"end":{"line":112,"column":5}},"line":92},"4":{"name":"(anonymous_4)","decl":{"start":{"line":117,"column":4},"end":{"line":117,"column":5}},"loc":{"start":{"line":117,"column":28},"end":{"line":127,"column":5}},"line":117}},"branchMap":{"0":{"loc":{"start":{"line":33,"column":25},"end":{"line":33,"column":61}},"type":"default-arg","locations":[{"start":{"line":33,"column":59},"end":{"line":33,"column":61}}],"line":33},"1":{"loc":{"start":{"line":43,"column":8},"end":{"line":46,"column":9}},"type":"if","locations":[{"start":{"line":43,"column":8},"end":{"line":46,"column":9}},{"start":{},"end":{}}],"line":43},"2":{"loc":{"start":{"line":48,"column":8},"end":{"line":51,"column":9}},"type":"if","locations":[{"start":{"line":48,"column":8},"end":{"line":51,"column":9}},{"start":{},"end":{}}],"line":48},"3":{"loc":{"start":{"line":53,"column":8},"end":{"line":55,"column":9}},"type":"if","locations":[{"start":{"line":53,"column":8},"end":{"line":55,"column":9}},{"start":{},"end":{}}],"line":53},"4":{"loc":{"start":{"line":57,"column":8},"end":{"line":59,"column":9}},"type":"if","locations":[{"start":{"line":57,"column":8},"end":{"line":59,"column":9}},{"start":{},"end":{}}],"line":57},"5":{"loc":{"start":{"line":82,"column":8},"end":{"line":82,"column":59}},"type":"if","locations":[{"start":{"line":82,"column":8},"end":{"line":82,"column":59}},{"start":{},"end":{}}],"line":82},"6":{"loc":{"start":{"line":109,"column":8},"end":{"line":109,"column":59}},"type":"if","locations":[{"start":{"line":109,"column":8},"end":{"line":109,"column":59}},{"start":{},"end":{}}],"line":109},"7":{"loc":{"start":{"line":126,"column":8},"end":{"line":126,"column":59}},"type":"if","locations":[{"start":{"line":126,"column":8},"end":{"line":126,"column":59}},{"start":{},"end":{}}],"line":126}},"s":{"0":6,"1":6,"2":6,"3":1,"4":1,"5":1,"6":11,"7":11,"8":11,"9":11,"10":4,"11":4,"12":11,"13":4,"14":4,"15":11,"16":4,"17":11,"18":8,"19":11,"20":11,"21":11,"22":6,"23":6,"24":6,"25":6,"26":0,"27":3,"28":2,"29":2,"30":2,"31":2,"32":2,"33":2,"34":0,"35":2,"36":2,"37":2,"38":2,"39":6},"f":{"0":1,"1":11,"2":6,"3":3,"4":2},"b":{"0":[1],"1":[4,7],"2":[4,7],"3":[4,7],"4":[8,3],"5":[6,0],"6":[2,0],"7":[2,0]},"_coverageSchema":"1a1c01bbd47fc00a2c39e90264f33305004495a9","hash":"9e7ff86951c10aa31704b7531ade1f3fddd6a07c"}
,"/Users/mathewstevens/Desktop/html example/express_intermediate/express-jobly/models/user.js": {"path":"/Users/mathewstevens/Desktop/html example/express_intermediate/express-jobly/models/user.js","statementMap":{"0":{"start":{"line":3,"column":11},"end":{"line":3,"column":27}},"1":{"start":{"line":4,"column":15},"end":{"line":4,"column":32}},"2":{"start":{"line":5,"column":32},"end":{"line":5,"column":57}},"3":{"start":{"line":10,"column":4},"end":{"line":10,"column":30}},"4":{"start":{"line":12,"column":31},"end":{"line":12,"column":54}},"5":{"start":{"line":26,"column":19},"end":{"line":36,"column":5}},"6":{"start":{"line":38,"column":17},"end":{"line":38,"column":31}},"7":{"start":{"line":40,"column":4},"end":{"line":47,"column":5}},"8":{"start":{"line":42,"column":22},"end":{"line":42,"column":67}},"9":{"start":{"line":43,"column":6},"end":{"line":46,"column":7}},"10":{"start":{"line":44,"column":8},"end":{"line":44,"column":29}},"11":{"start":{"line":45,"column":8},"end":{"line":45,"column":20}},"12":{"start":{"line":49,"column":4},"end":{"line":49,"column":61}},"13":{"start":{"line":60,"column":27},"end":{"line":65,"column":5}},"14":{"start":{"line":67,"column":4},"end":{"line":69,"column":5}},"15":{"start":{"line":68,"column":6},"end":{"line":68,"column":67}},"16":{"start":{"line":71,"column":27},"end":{"line":71,"column":74}},"17":{"start":{"line":73,"column":19},"end":{"line":91,"column":5}},"18":{"start":{"line":93,"column":17},"end":{"line":93,"column":31}},"19":{"start":{"line":95,"column":4},"end":{"line":95,"column":16}},"20":{"start":{"line":104,"column":19},"end":{"line":112,"column":5}},"21":{"start":{"line":114,"column":4},"end":{"line":114,"column":23}},"22":{"start":{"line":126,"column":20},"end":{"line":135,"column":5}},"23":{"start":{"line":137,"column":17},"end":{"line":137,"column":32}},"24":{"start":{"line":139,"column":4},"end":{"line":139,"column":63}},"25":{"start":{"line":139,"column":15},"end":{"line":139,"column":63}},"26":{"start":{"line":141,"column":4},"end":{"line":141,"column":16}},"27":{"start":{"line":162,"column":4},"end":{"line":164,"column":5}},"28":{"start":{"line":163,"column":6},"end":{"line":163,"column":75}},"29":{"start":{"line":166,"column":32},"end":{"line":172,"column":8}},"30":{"start":{"line":173,"column":27},"end":{"line":173,"column":52}},"31":{"start":{"line":175,"column":21},"end":{"line":182,"column":54}},"32":{"start":{"line":183,"column":19},"end":{"line":183,"column":66}},"33":{"start":{"line":184,"column":17},"end":{"line":184,"column":31}},"34":{"start":{"line":186,"column":4},"end":{"line":186,"column":63}},"35":{"start":{"line":186,"column":15},"end":{"line":186,"column":63}},"36":{"start":{"line":188,"column":4},"end":{"line":188,"column":25}},"37":{"start":{"line":189,"column":4},"end":{"line":189,"column":16}},"38":{"start":{"line":195,"column":17},"end":{"line":201,"column":5}},"39":{"start":{"line":202,"column":17},"end":{"line":202,"column":31}},"40":{"start":{"line":204,"column":4},"end":{"line":204,"column":63}},"41":{"start":{"line":204,"column":15},"end":{"line":204,"column":63}},"42":{"start":{"line":218,"column":20},"end":{"line":223,"column":5}},"43":{"start":{"line":224,"column":4},"end":{"line":226,"column":5}},"44":{"start":{"line":225,"column":6},"end":{"line":225,"column":54}},"45":{"start":{"line":229,"column":19},"end":{"line":234,"column":5}},"46":{"start":{"line":235,"column":4},"end":{"line":237,"column":5}},"47":{"start":{"line":236,"column":6},"end":{"line":236,"column":50}},"48":{"start":{"line":240,"column":4},"end":{"line":244,"column":6}},"49":{"start":{"line":246,"column":4},"end":{"line":246,"column":30}},"50":{"start":{"line":255,"column":20},"end":{"line":266,"column":5}},"51":{"start":{"line":268,"column":17},"end":{"line":268,"column":32}},"52":{"start":{"line":270,"column":4},"end":{"line":270,"column":63}},"53":{"start":{"line":270,"column":15},"end":{"line":270,"column":63}},"54":{"start":{"line":272,"column":4},"end":{"line":272,"column":16}},"55":{"start":{"line":276,"column":0},"end":{"line":276,"column":22}}},"fnMap":{"0":{"name":"(anonymous_0)","decl":{"start":{"line":24,"column":2},"end":{"line":24,"column":3}},"loc":{"start":{"line":24,"column":48},"end":{"line":50,"column":3}},"line":24},"1":{"name":"(anonymous_1)","decl":{"start":{"line":59,"column":2},"end":{"line":59,"column":3}},"loc":{"start":{"line":59,"column":85},"end":{"line":96,"column":3}},"line":59},"2":{"name":"(anonymous_2)","decl":{"start":{"line":103,"column":2},"end":{"line":103,"column":3}},"loc":{"start":{"line":103,"column":25},"end":{"line":115,"column":3}},"line":103},"3":{"name":"(anonymous_3)","decl":{"start":{"line":125,"column":2},"end":{"line":125,"column":3}},"loc":{"start":{"line":125,"column":29},"end":{"line":142,"column":3}},"line":125},"4":{"name":"(anonymous_4)","decl":{"start":{"line":161,"column":2},"end":{"line":161,"column":3}},"loc":{"start":{"line":161,"column":38},"end":{"line":190,"column":3}},"line":161},"5":{"name":"(anonymous_5)","decl":{"start":{"line":194,"column":2},"end":{"line":194,"column":3}},"loc":{"start":{"line":194,"column":32},"end":{"line":205,"column":3}},"line":194},"6":{"name":"(anonymous_6)","decl":{"start":{"line":216,"column":2},"end":{"line":216,"column":3}},"loc":{"start":{"line":216,"column":44},"end":{"line":247,"column":3}},"line":216},"7":{"name":"(anonymous_7)","decl":{"start":{"line":254,"column":2},"end":{"line":254,"column":3}},"loc":{"start":{"line":254,"column":36},"end":{"line":273,"column":3}},"line":254}},"branchMap":{"0":{"loc":{"start":{"line":40,"column":4},"end":{"line":47,"column":5}},"type":"if","locations":[{"start":{"line":40,"column":4},"end":{"line":47,"column":5}},{"start":{},"end":{}}],"line":40},"1":{"loc":{"start":{"line":43,"column":6},"end":{"line":46,"column":7}},"type":"if","locations":[{"start":{"line":43,"column":6},"end":{"line":46,"column":7}},{"start":{},"end":{}}],"line":43},"2":{"loc":{"start":{"line":67,"column":4},"end":{"line":69,"column":5}},"type":"if","locations":[{"start":{"line":67,"column":4},"end":{"line":69,"column":5}},{"start":{},"end":{}}],"line":67},"3":{"loc":{"start":{"line":139,"column":4},"end":{"line":139,"column":63}},"type":"if","locations":[{"start":{"line":139,"column":4},"end":{"line":139,"column":63}},{"start":{},"end":{}}],"line":139},"4":{"loc":{"start":{"line":162,"column":4},"end":{"line":164,"column":5}},"type":"if","locations":[{"start":{"line":162,"column":4},"end":{"line":164,"column":5}},{"start":{},"end":{}}],"line":162},"5":{"loc":{"start":{"line":186,"column":4},"end":{"line":186,"column":63}},"type":"if","locations":[{"start":{"line":186,"column":4},"end":{"line":186,"column":63}},{"start":{},"end":{}}],"line":186},"6":{"loc":{"start":{"line":204,"column":4},"end":{"line":204,"column":63}},"type":"if","locations":[{"start":{"line":204,"column":4},"end":{"line":204,"column":63}},{"start":{},"end":{}}],"line":204},"7":{"loc":{"start":{"line":224,"column":4},"end":{"line":226,"column":5}},"type":"if","locations":[{"start":{"line":224,"column":4},"end":{"line":226,"column":5}},{"start":{},"end":{}}],"line":224},"8":{"loc":{"start":{"line":235,"column":4},"end":{"line":237,"column":5}},"type":"if","locations":[{"start":{"line":235,"column":4},"end":{"line":237,"column":5}},{"start":{},"end":{}}],"line":235},"9":{"loc":{"start":{"line":270,"column":4},"end":{"line":270,"column":63}},"type":"if","locations":[{"start":{"line":270,"column":4},"end":{"line":270,"column":63}},{"start":{},"end":{}}],"line":270}},"s":{"0":6,"1":6,"2":6,"3":6,"4":6,"5":7,"6":7,"7":7,"8":5,"9":5,"10":3,"11":3,"12":4,"13":17,"14":17,"15":1,"16":16,"17":16,"18":16,"19":16,"20":1,"21":1,"22":3,"23":3,"24":3,"25":1,"26":2,"27":6,"28":2,"29":6,"30":5,"31":5,"32":5,"33":5,"34":5,"35":1,"36":4,"37":4,"38":3,"39":3,"40":3,"41":1,"42":5,"43":5,"44":1,"45":4,"46":4,"47":4,"48":0,"49":0,"50":0,"51":0,"52":0,"53":0,"54":0,"55":6},"f":{"0":7,"1":17,"2":1,"3":3,"4":6,"5":3,"6":5,"7":0},"b":{"0":[5,2],"1":[3,2],"2":[1,16],"3":[1,2],"4":[2,4],"5":[1,4],"6":[1,2],"7":[1,4],"8":[4,0],"9":[0,0]},"_coverageSchema":"1a1c01bbd47fc00a2c39e90264f33305004495a9","hash":"85cd8405acc5131095d5231f6757488a24dabc88"}
,"/Users/mathewstevens/Desktop/html example/express_intermediate/express-jobly/routes/_testCommon.js": {"path":"/Users/mathewstevens/Desktop/html example/express_intermediate/express-jobly/routes/_testCommon.js","statementMap":{"0":{"start":{"line":3,"column":11},"end":{"line":3,"column":30}},"1":{"start":{"line":4,"column":13},"end":{"line":4,"column":38}},"2":{"start":{"line":5,"column":16},"end":{"line":5,"column":44}},"3":{"start":{"line":6,"column":24},"end":{"line":6,"column":52}},"4":{"start":{"line":10,"column":2},"end":{"line":10,"column":38}},"5":{"start":{"line":11,"column":2},"end":{"line":11,"column":42}},"6":{"start":{"line":12,"column":2},"end":{"line":12,"column":37}},"7":{"start":{"line":13,"column":2},"end":{"line":13,"column":45}},"8":{"start":{"line":16,"column":2},"end":{"line":22,"column":5}},"9":{"start":{"line":23,"column":2},"end":{"line":29,"column":5}},"10":{"start":{"line":30,"column":2},"end":{"line":36,"column":5}},"11":{"start":{"line":39,"column":2},"end":{"line":46,"column":5}},"12":{"start":{"line":47,"column":2},"end":{"line":54,"column":5}},"13":{"start":{"line":55,"column":2},"end":{"line":62,"column":5}},"14":{"start":{"line":65,"column":17},"end":{"line":70,"column":18}},"15":{"start":{"line":73,"column":2},"end":{"line":76,"column":25}},"16":{"start":{"line":80,"column":2},"end":{"line":80,"column":26}},"17":{"start":{"line":84,"column":2},"end":{"line":84,"column":29}},"18":{"start":{"line":88,"column":2},"end":{"line":88,"column":17}},"19":{"start":{"line":92,"column":16},"end":{"line":92,"column":63}},"20":{"start":{"line":93,"column":16},"end":{"line":93,"column":62}},"21":{"start":{"line":95,"column":0},"end":{"line":102,"column":2}}},"fnMap":{"0":{"name":"commonBeforeAll","decl":{"start":{"line":8,"column":15},"end":{"line":8,"column":30}},"loc":{"start":{"line":8,"column":33},"end":{"line":77,"column":1}},"line":8},"1":{"name":"commonBeforeEach","decl":{"start":{"line":79,"column":15},"end":{"line":79,"column":31}},"loc":{"start":{"line":79,"column":34},"end":{"line":81,"column":1}},"line":79},"2":{"name":"commonAfterEach","decl":{"start":{"line":83,"column":15},"end":{"line":83,"column":30}},"loc":{"start":{"line":83,"column":33},"end":{"line":85,"column":1}},"line":83},"3":{"name":"commonAfterAll","decl":{"start":{"line":87,"column":15},"end":{"line":87,"column":29}},"loc":{"start":{"line":87,"column":32},"end":{"line":89,"column":1}},"line":87}},"branchMap":{},"s":{"0":4,"1":4,"2":4,"3":4,"4":4,"5":4,"6":4,"7":4,"8":4,"9":4,"10":4,"11":4,"12":4,"13":4,"14":4,"15":4,"16":64,"17":64,"18":4,"19":4,"20":4,"21":4},"f":{"0":4,"1":64,"2":64,"3":4},"b":{},"_coverageSchema":"1a1c01bbd47fc00a2c39e90264f33305004495a9","hash":"08c936fdcc5b732e22df6447ac030a373114f9e3"}
,"/Users/mathewstevens/Desktop/html example/express_intermediate/express-jobly/routes/auth.js": {"path":"/Users/mathewstevens/Desktop/html example/express_intermediate/express-jobly/routes/auth.js","statementMap":{"0":{"start":{"line":5,"column":19},"end":{"line":5,"column":40}},"1":{"start":{"line":7,"column":13},"end":{"line":7,"column":38}},"2":{"start":{"line":8,"column":16},"end":{"line":8,"column":34}},"3":{"start":{"line":9,"column":15},"end":{"line":9,"column":35}},"4":{"start":{"line":10,"column":24},"end":{"line":10,"column":52}},"5":{"start":{"line":11,"column":23},"end":{"line":11,"column":58}},"6":{"start":{"line":12,"column":27},"end":{"line":12,"column":66}},"7":{"start":{"line":13,"column":28},"end":{"line":13,"column":54}},"8":{"start":{"line":22,"column":0},"end":{"line":37,"column":3}},"9":{"start":{"line":23,"column":2},"end":{"line":36,"column":3}},"10":{"start":{"line":24,"column":22},"end":{"line":24,"column":67}},"11":{"start":{"line":25,"column":4},"end":{"line":28,"column":5}},"12":{"start":{"line":26,"column":19},"end":{"line":26,"column":53}},"13":{"start":{"line":26,"column":45},"end":{"line":26,"column":52}},"14":{"start":{"line":27,"column":6},"end":{"line":27,"column":38}},"15":{"start":{"line":30,"column":35},"end":{"line":30,"column":43}},"16":{"start":{"line":31,"column":17},"end":{"line":31,"column":60}},"17":{"start":{"line":32,"column":18},"end":{"line":32,"column":35}},"18":{"start":{"line":33,"column":4},"end":{"line":33,"column":31}},"19":{"start":{"line":35,"column":4},"end":{"line":35,"column":21}},"20":{"start":{"line":49,"column":0},"end":{"line":63,"column":3}},"21":{"start":{"line":50,"column":2},"end":{"line":62,"column":3}},"22":{"start":{"line":51,"column":22},"end":{"line":51,"column":71}},"23":{"start":{"line":52,"column":4},"end":{"line":55,"column":5}},"24":{"start":{"line":53,"column":19},"end":{"line":53,"column":53}},"25":{"start":{"line":53,"column":45},"end":{"line":53,"column":52}},"26":{"start":{"line":54,"column":6},"end":{"line":54,"column":38}},"27":{"start":{"line":57,"column":20},"end":{"line":57,"column":72}},"28":{"start":{"line":58,"column":18},"end":{"line":58,"column":38}},"29":{"start":{"line":59,"column":4},"end":{"line":59,"column":43}},"30":{"start":{"line":61,"column":4},"end":{"line":61,"column":21}},"31":{"start":{"line":66,"column":0},"end":{"line":66,"column":24}}},"fnMap":{"0":{"name":"(anonymous_0)","decl":{"start":{"line":22,"column":22},"end":{"line":22,"column":23}},"loc":{"start":{"line":22,"column":54},"end":{"line":37,"column":1}},"line":22},"1":{"name":"(anonymous_1)","decl":{"start":{"line":26,"column":40},"end":{"line":26,"column":41}},"loc":{"start":{"line":26,"column":45},"end":{"line":26,"column":52}},"line":26},"2":{"name":"(anonymous_2)","decl":{"start":{"line":49,"column":25},"end":{"line":49,"column":26}},"loc":{"start":{"line":49,"column":57},"end":{"line":63,"column":1}},"line":49},"3":{"name":"(anonymous_3)","decl":{"start":{"line":53,"column":40},"end":{"line":53,"column":41}},"loc":{"start":{"line":53,"column":45},"end":{"line":53,"column":52}},"line":53}},"branchMap":{"0":{"loc":{"start":{"line":25,"column":4},"end":{"line":28,"column":5}},"type":"if","locations":[{"start":{"line":25,"column":4},"end":{"line":28,"column":5}},{"start":{},"end":{}}],"line":25},"1":{"loc":{"start":{"line":52,"column":4},"end":{"line":55,"column":5}},"type":"if","locations":[{"start":{"line":52,"column":4},"end":{"line":55,"column":5}},{"start":{},"end":{}}],"line":52}},"s":{"0":5,"1":5,"2":5,"3":5,"4":5,"5":5,"6":5,"7":5,"8":5,"9":5,"10":5,"11":5,"12":2,"13":2,"14":2,"15":3,"16":3,"17":1,"18":1,"19":4,"20":5,"21":3,"22":3,"23":3,"24":2,"25":5,"26":2,"27":1,"28":1,"29":1,"30":2,"31":5},"f":{"0":5,"1":2,"2":3,"3":5},"b":{"0":[2,3],"1":[2,1]},"_coverageSchema":"1a1c01bbd47fc00a2c39e90264f33305004495a9","hash":"958f154bf9bd872dae9338bed6fe46ec86ecb645"}
,"/Users/mathewstevens/Desktop/html example/express_intermediate/express-jobly/routes/companies.js": {"path":"/Users/mathewstevens/Desktop/html example/express_intermediate/express-jobly/routes/companies.js","statementMap":{"0":{"start":{"line":5,"column":19},"end":{"line":5,"column":40}},"1":{"start":{"line":6,"column":16},"end":{"line":6,"column":34}},"2":{"start":{"line":8,"column":28},"end":{"line":8,"column":54}},"3":{"start":{"line":9,"column":40},"end":{"line":9,"column":69}},"4":{"start":{"line":10,"column":16},"end":{"line":10,"column":44}},"5":{"start":{"line":12,"column":25},"end":{"line":12,"column":62}},"6":{"start":{"line":13,"column":28},"end":{"line":13,"column":68}},"7":{"start":{"line":14,"column":28},"end":{"line":14,"column":68}},"8":{"start":{"line":16,"column":15},"end":{"line":16,"column":35}},"9":{"start":{"line":27,"column":0},"end":{"line":40,"column":3}},"10":{"start":{"line":28,"column":2},"end":{"line":39,"column":3}},"11":{"start":{"line":29,"column":22},"end":{"line":29,"column":69}},"12":{"start":{"line":30,"column":4},"end":{"line":33,"column":5}},"13":{"start":{"line":31,"column":19},"end":{"line":31,"column":53}},"14":{"start":{"line":31,"column":45},"end":{"line":31,"column":52}},"15":{"start":{"line":32,"column":6},"end":{"line":32,"column":38}},"16":{"start":{"line":35,"column":20},"end":{"line":35,"column":50}},"17":{"start":{"line":36,"column":4},"end":{"line":36,"column":45}},"18":{"start":{"line":38,"column":4},"end":{"line":38,"column":21}},"19":{"start":{"line":59,"column":0},"end":{"line":80,"column":3}},"20":{"start":{"line":60,"column":12},"end":{"line":60,"column":21}},"21":{"start":{"line":63,"column":2},"end":{"line":63,"column":69}},"22":{"start":{"line":63,"column":36},"end":{"line":63,"column":69}},"23":{"start":{"line":64,"column":2},"end":{"line":64,"column":69}},"24":{"start":{"line":64,"column":36},"end":{"line":64,"column":69}},"25":{"start":{"line":66,"column":2},"end":{"line":79,"column":3}},"26":{"start":{"line":68,"column":22},"end":{"line":68,"column":65}},"27":{"start":{"line":69,"column":4},"end":{"line":72,"column":5}},"28":{"start":{"line":70,"column":19},"end":{"line":70,"column":53}},"29":{"start":{"line":70,"column":45},"end":{"line":70,"column":52}},"30":{"start":{"line":71,"column":6},"end":{"line":71,"column":38}},"31":{"start":{"line":75,"column":22},"end":{"line":75,"column":46}},"32":{"start":{"line":76,"column":4},"end":{"line":76,"column":35}},"33":{"start":{"line":78,"column":4},"end":{"line":78,"column":21}},"34":{"start":{"line":90,"column":0},"end":{"line":97,"column":3}},"35":{"start":{"line":91,"column":2},"end":{"line":96,"column":3}},"36":{"start":{"line":92,"column":20},"end":{"line":92,"column":56}},"37":{"start":{"line":93,"column":4},"end":{"line":93,"column":33}},"38":{"start":{"line":95,"column":4},"end":{"line":95,"column":21}},"39":{"start":{"line":110,"column":0},"end":{"line":123,"column":3}},"40":{"start":{"line":111,"column":2},"end":{"line":122,"column":3}},"41":{"start":{"line":112,"column":22},"end":{"line":112,"column":72}},"42":{"start":{"line":113,"column":4},"end":{"line":116,"column":5}},"43":{"start":{"line":114,"column":19},"end":{"line":114,"column":53}},"44":{"start":{"line":114,"column":45},"end":{"line":114,"column":52}},"45":{"start":{"line":115,"column":6},"end":{"line":115,"column":38}},"46":{"start":{"line":118,"column":20},"end":{"line":118,"column":69}},"47":{"start":{"line":119,"column":4},"end":{"line":119,"column":33}},"48":{"start":{"line":121,"column":4},"end":{"line":121,"column":21}},"49":{"start":{"line":130,"column":0},"end":{"line":137,"column":3}},"50":{"start":{"line":131,"column":2},"end":{"line":136,"column":3}},"51":{"start":{"line":132,"column":4},"end":{"line":132,"column":44}},"52":{"start":{"line":133,"column":4},"end":{"line":133,"column":52}},"53":{"start":{"line":135,"column":4},"end":{"line":135,"column":21}},"54":{"start":{"line":139,"column":0},"end":{"line":139,"column":24}}},"fnMap":{"0":{"name":"(anonymous_0)","decl":{"start":{"line":27,"column":46},"end":{"line":27,"column":47}},"loc":{"start":{"line":27,"column":78},"end":{"line":40,"column":1}},"line":27},"1":{"name":"(anonymous_1)","decl":{"start":{"line":31,"column":40},"end":{"line":31,"column":41}},"loc":{"start":{"line":31,"column":45},"end":{"line":31,"column":52}},"line":31},"2":{"name":"(anonymous_2)","decl":{"start":{"line":59,"column":16},"end":{"line":59,"column":17}},"loc":{"start":{"line":59,"column":48},"end":{"line":80,"column":1}},"line":59},"3":{"name":"(anonymous_3)","decl":{"start":{"line":70,"column":40},"end":{"line":70,"column":41}},"loc":{"start":{"line":70,"column":45},"end":{"line":70,"column":52}},"line":70},"4":{"name":"(anonymous_4)","decl":{"start":{"line":90,"column":23},"end":{"line":90,"column":24}},"loc":{"start":{"line":90,"column":55},"end":{"line":97,"column":1}},"line":90},"5":{"name":"(anonymous_5)","decl":{"start":{"line":110,"column":54},"end":{"line":110,"column":55}},"loc":{"start":{"line":110,"column":86},"end":{"line":123,"column":1}},"line":110},"6":{"name":"(anonymous_6)","decl":{"start":{"line":114,"column":40},"end":{"line":114,"column":41}},"loc":{"start":{"line":114,"column":45},"end":{"line":114,"column":52}},"line":114},"7":{"name":"(anonymous_7)","decl":{"start":{"line":130,"column":55},"end":{"line":130,"column":56}},"loc":{"start":{"line":130,"column":87},"end":{"line":137,"column":1}},"line":130}},"branchMap":{"0":{"loc":{"start":{"line":30,"column":4},"end":{"line":33,"column":5}},"type":"if","locations":[{"start":{"line":30,"column":4},"end":{"line":33,"column":5}},{"start":{},"end":{}}],"line":30},"1":{"loc":{"start":{"line":63,"column":2},"end":{"line":63,"column":69}},"type":"if","locations":[{"start":{"line":63,"column":2},"end":{"line":63,"column":69}},{"start":{},"end":{}}],"line":63},"2":{"loc":{"start":{"line":64,"column":2},"end":{"line":64,"column":69}},"type":"if","locations":[{"start":{"line":64,"column":2},"end":{"line":64,"column":69}},{"start":{},"end":{}}],"line":64},"3":{"loc":{"start":{"line":69,"column":4},"end":{"line":72,"column":5}},"type":"if","locations":[{"start":{"line":69,"column":4},"end":{"line":72,"column":5}},{"start":{},"end":{}}],"line":69},"4":{"loc":{"start":{"line":113,"column":4},"end":{"line":116,"column":5}},"type":"if","locations":[{"start":{"line":113,"column":4},"end":{"line":116,"column":5}},{"start":{},"end":{}}],"line":113}},"s":{"0":5,"1":5,"2":5,"3":5,"4":5,"5":5,"6":5,"7":5,"8":5,"9":5,"10":0,"11":0,"12":0,"13":0,"14":0,"15":0,"16":0,"17":0,"18":0,"19":5,"20":0,"21":0,"22":0,"23":0,"24":0,"25":0,"26":0,"27":0,"28":0,"29":0,"30":0,"31":0,"32":0,"33":0,"34":5,"35":0,"36":0,"37":0,"38":0,"39":5,"40":0,"41":0,"42":0,"43":0,"44":0,"45":0,"46":0,"47":0,"48":0,"49":5,"50":0,"51":0,"52":0,"53":0,"54":5},"f":{"0":0,"1":0,"2":0,"3":0,"4":0,"5":0,"6":0,"7":0},"b":{"0":[0,0],"1":[0,0],"2":[0,0],"3":[0,0],"4":[0,0]},"_coverageSchema":"1a1c01bbd47fc00a2c39e90264f33305004495a9","hash":"447ca6ae87666921ee033dfc389b1a1c14e25e0f"}
,"/Users/mathewstevens/Desktop/html example/express_intermediate/express-jobly/routes/jobs.js": {"path":"/Users/mathewstevens/Desktop/html example/express_intermediate/express-jobly/routes/jobs.js","statementMap":{"0":{"start":{"line":5,"column":19},"end":{"line":5,"column":40}},"1":{"start":{"line":6,"column":16},"end":{"line":6,"column":34}},"2":{"start":{"line":8,"column":28},"end":{"line":8,"column":54}},"3":{"start":{"line":9,"column":24},"end":{"line":9,"column":53}},"4":{"start":{"line":10,"column":12},"end":{"line":10,"column":36}},"5":{"start":{"line":11,"column":21},"end":{"line":11,"column":54}},"6":{"start":{"line":12,"column":24},"end":{"line":12,"column":60}},"7":{"start":{"line":13,"column":24},"end":{"line":13,"column":60}},"8":{"start":{"line":15,"column":15},"end":{"line":15,"column":35}},"9":{"start":{"line":22,"column":0},"end":{"line":35,"column":3}},"10":{"start":{"line":23,"column":4},"end":{"line":34,"column":5}},"11":{"start":{"line":24,"column":26},"end":{"line":24,"column":69}},"12":{"start":{"line":25,"column":8},"end":{"line":28,"column":9}},"13":{"start":{"line":26,"column":25},"end":{"line":26,"column":59}},"14":{"start":{"line":26,"column":51},"end":{"line":26,"column":58}},"15":{"start":{"line":27,"column":12},"end":{"line":27,"column":44}},"16":{"start":{"line":30,"column":20},"end":{"line":30,"column":46}},"17":{"start":{"line":31,"column":8},"end":{"line":31,"column":45}},"18":{"start":{"line":33,"column":8},"end":{"line":33,"column":25}},"19":{"start":{"line":45,"column":0},"end":{"line":67,"column":3}},"20":{"start":{"line":46,"column":14},"end":{"line":46,"column":23}},"21":{"start":{"line":49,"column":4},"end":{"line":49,"column":62}},"22":{"start":{"line":49,"column":35},"end":{"line":49,"column":62}},"23":{"start":{"line":52,"column":4},"end":{"line":52,"column":72}},"24":{"start":{"line":52,"column":35},"end":{"line":52,"column":72}},"25":{"start":{"line":54,"column":4},"end":{"line":66,"column":5}},"26":{"start":{"line":56,"column":26},"end":{"line":56,"column":65}},"27":{"start":{"line":57,"column":8},"end":{"line":60,"column":9}},"28":{"start":{"line":58,"column":25},"end":{"line":58,"column":59}},"29":{"start":{"line":58,"column":51},"end":{"line":58,"column":58}},"30":{"start":{"line":59,"column":12},"end":{"line":59,"column":44}},"31":{"start":{"line":62,"column":21},"end":{"line":62,"column":41}},"32":{"start":{"line":63,"column":8},"end":{"line":63,"column":34}},"33":{"start":{"line":65,"column":8},"end":{"line":65,"column":25}},"34":{"start":{"line":72,"column":0},"end":{"line":79,"column":3}},"35":{"start":{"line":73,"column":4},"end":{"line":78,"column":5}},"36":{"start":{"line":74,"column":20},"end":{"line":74,"column":48}},"37":{"start":{"line":75,"column":8},"end":{"line":75,"column":33}},"38":{"start":{"line":77,"column":8},"end":{"line":77,"column":25}},"39":{"start":{"line":86,"column":0},"end":{"line":99,"column":3}},"40":{"start":{"line":87,"column":4},"end":{"line":98,"column":5}},"41":{"start":{"line":88,"column":24},"end":{"line":88,"column":70}},"42":{"start":{"line":89,"column":6},"end":{"line":92,"column":7}},"43":{"start":{"line":90,"column":21},"end":{"line":90,"column":55}},"44":{"start":{"line":90,"column":47},"end":{"line":90,"column":54}},"45":{"start":{"line":91,"column":8},"end":{"line":91,"column":40}},"46":{"start":{"line":94,"column":18},"end":{"line":94,"column":59}},"47":{"start":{"line":95,"column":6},"end":{"line":95,"column":31}},"48":{"start":{"line":97,"column":6},"end":{"line":97,"column":23}},"49":{"start":{"line":103,"column":0},"end":{"line":110,"column":3}},"50":{"start":{"line":104,"column":4},"end":{"line":109,"column":5}},"51":{"start":{"line":105,"column":8},"end":{"line":105,"column":40}},"52":{"start":{"line":106,"column":8},"end":{"line":106,"column":52}},"53":{"start":{"line":108,"column":8},"end":{"line":108,"column":25}},"54":{"start":{"line":112,"column":0},"end":{"line":112,"column":24}}},"fnMap":{"0":{"name":"(anonymous_0)","decl":{"start":{"line":22,"column":30},"end":{"line":22,"column":31}},"loc":{"start":{"line":22,"column":62},"end":{"line":35,"column":1}},"line":22},"1":{"name":"(anonymous_1)","decl":{"start":{"line":26,"column":46},"end":{"line":26,"column":47}},"loc":{"start":{"line":26,"column":51},"end":{"line":26,"column":58}},"line":26},"2":{"name":"(anonymous_2)","decl":{"start":{"line":45,"column":16},"end":{"line":45,"column":17}},"loc":{"start":{"line":45,"column":48},"end":{"line":67,"column":1}},"line":45},"3":{"name":"(anonymous_3)","decl":{"start":{"line":58,"column":46},"end":{"line":58,"column":47}},"loc":{"start":{"line":58,"column":51},"end":{"line":58,"column":58}},"line":58},"4":{"name":"(anonymous_4)","decl":{"start":{"line":72,"column":19},"end":{"line":72,"column":20}},"loc":{"start":{"line":72,"column":51},"end":{"line":79,"column":1}},"line":72},"5":{"name":"(anonymous_5)","decl":{"start":{"line":86,"column":34},"end":{"line":86,"column":35}},"loc":{"start":{"line":86,"column":66},"end":{"line":99,"column":1}},"line":86},"6":{"name":"(anonymous_6)","decl":{"start":{"line":90,"column":42},"end":{"line":90,"column":43}},"loc":{"start":{"line":90,"column":47},"end":{"line":90,"column":54}},"line":90},"7":{"name":"(anonymous_7)","decl":{"start":{"line":103,"column":35},"end":{"line":103,"column":36}},"loc":{"start":{"line":103,"column":67},"end":{"line":110,"column":1}},"line":103}},"branchMap":{"0":{"loc":{"start":{"line":25,"column":8},"end":{"line":28,"column":9}},"type":"if","locations":[{"start":{"line":25,"column":8},"end":{"line":28,"column":9}},{"start":{},"end":{}}],"line":25},"1":{"loc":{"start":{"line":49,"column":4},"end":{"line":49,"column":62}},"type":"if","locations":[{"start":{"line":49,"column":4},"end":{"line":49,"column":62}},{"start":{},"end":{}}],"line":49},"2":{"loc":{"start":{"line":52,"column":4},"end":{"line":52,"column":72}},"type":"if","locations":[{"start":{"line":52,"column":4},"end":{"line":52,"column":72}},{"start":{},"end":{}}],"line":52},"3":{"loc":{"start":{"line":57,"column":8},"end":{"line":60,"column":9}},"type":"if","locations":[{"start":{"line":57,"column":8},"end":{"line":60,"column":9}},{"start":{},"end":{}}],"line":57},"4":{"loc":{"start":{"line":89,"column":6},"end":{"line":92,"column":7}},"type":"if","locations":[{"start":{"line":89,"column":6},"end":{"line":92,"column":7}},{"start":{},"end":{}}],"line":89}},"s":{"0":5,"1":5,"2":5,"3":5,"4":5,"5":5,"6":5,"7":5,"8":5,"9":5,"10":0,"11":0,"12":0,"13":0,"14":0,"15":0,"16":0,"17":0,"18":0,"19":5,"20":6,"21":6,"22":2,"23":6,"24":2,"25":6,"26":6,"27":6,"28":0,"29":0,"30":0,"31":6,"32":6,"33":0,"34":5,"35":4,"36":4,"37":0,"38":4,"39":5,"40":0,"41":0,"42":0,"43":0,"44":0,"45":0,"46":0,"47":0,"48":0,"49":5,"50":0,"51":0,"52":0,"53":0,"54":5},"f":{"0":0,"1":0,"2":6,"3":0,"4":4,"5":0,"6":0,"7":0},"b":{"0":[0,0],"1":[2,4],"2":[2,4],"3":[0,6],"4":[0,0]},"_coverageSchema":"1a1c01bbd47fc00a2c39e90264f33305004495a9","hash":"c57d904a272f06a3264ab47e80bccac323c0213a"}
,"/Users/mathewstevens/Desktop/html example/express_intermediate/express-jobly/routes/users.js": {"path":"/Users/mathewstevens/Desktop/html example/express_intermediate/express-jobly/routes/users.js","statementMap":{"0":{"start":{"line":5,"column":19},"end":{"line":5,"column":40}},"1":{"start":{"line":6,"column":16},"end":{"line":6,"column":34}},"2":{"start":{"line":7,"column":66},"end":{"line":7,"column":95}},"3":{"start":{"line":8,"column":28},"end":{"line":8,"column":54}},"4":{"start":{"line":9,"column":13},"end":{"line":9,"column":38}},"5":{"start":{"line":10,"column":12},"end":{"line":10,"column":36}},"6":{"start":{"line":11,"column":24},"end":{"line":11,"column":52}},"7":{"start":{"line":12,"column":22},"end":{"line":12,"column":56}},"8":{"start":{"line":13,"column":25},"end":{"line":13,"column":62}},"9":{"start":{"line":15,"column":15},"end":{"line":15,"column":31}},"10":{"start":{"line":29,"column":0},"end":{"line":43,"column":3}},"11":{"start":{"line":30,"column":2},"end":{"line":42,"column":3}},"12":{"start":{"line":31,"column":22},"end":{"line":31,"column":66}},"13":{"start":{"line":32,"column":4},"end":{"line":35,"column":5}},"14":{"start":{"line":33,"column":19},"end":{"line":33,"column":53}},"15":{"start":{"line":33,"column":45},"end":{"line":33,"column":52}},"16":{"start":{"line":34,"column":6},"end":{"line":34,"column":38}},"17":{"start":{"line":37,"column":17},"end":{"line":37,"column":46}},"18":{"start":{"line":38,"column":18},"end":{"line":38,"column":35}},"19":{"start":{"line":39,"column":4},"end":{"line":39,"column":49}},"20":{"start":{"line":41,"column":4},"end":{"line":41,"column":21}},"21":{"start":{"line":52,"column":0},"end":{"line":59,"column":3}},"22":{"start":{"line":53,"column":2},"end":{"line":58,"column":3}},"23":{"start":{"line":54,"column":18},"end":{"line":54,"column":38}},"24":{"start":{"line":55,"column":4},"end":{"line":55,"column":31}},"25":{"start":{"line":57,"column":4},"end":{"line":57,"column":21}},"26":{"start":{"line":69,"column":0},"end":{"line":78,"column":3}},"27":{"start":{"line":70,"column":2},"end":{"line":77,"column":3}},"28":{"start":{"line":71,"column":17},"end":{"line":71,"column":52}},"29":{"start":{"line":72,"column":17},"end":{"line":72,"column":56}},"30":{"start":{"line":73,"column":4},"end":{"line":73,"column":21}},"31":{"start":{"line":74,"column":4},"end":{"line":74,"column":30}},"32":{"start":{"line":76,"column":4},"end":{"line":76,"column":21}},"33":{"start":{"line":87,"column":0},"end":{"line":94,"column":3}},"34":{"start":{"line":88,"column":2},"end":{"line":93,"column":3}},"35":{"start":{"line":89,"column":4},"end":{"line":89,"column":63}},"36":{"start":{"line":90,"column":4},"end":{"line":90,"column":48}},"37":{"start":{"line":92,"column":4},"end":{"line":92,"column":21}},"38":{"start":{"line":106,"column":0},"end":{"line":119,"column":3}},"39":{"start":{"line":107,"column":2},"end":{"line":118,"column":3}},"40":{"start":{"line":108,"column":22},"end":{"line":108,"column":69}},"41":{"start":{"line":109,"column":4},"end":{"line":112,"column":5}},"42":{"start":{"line":110,"column":19},"end":{"line":110,"column":53}},"43":{"start":{"line":110,"column":45},"end":{"line":110,"column":52}},"44":{"start":{"line":111,"column":6},"end":{"line":111,"column":38}},"45":{"start":{"line":114,"column":17},"end":{"line":114,"column":65}},"46":{"start":{"line":115,"column":4},"end":{"line":115,"column":30}},"47":{"start":{"line":117,"column":4},"end":{"line":117,"column":21}},"48":{"start":{"line":126,"column":0},"end":{"line":133,"column":3}},"49":{"start":{"line":127,"column":2},"end":{"line":132,"column":3}},"50":{"start":{"line":128,"column":4},"end":{"line":128,"column":43}},"51":{"start":{"line":129,"column":4},"end":{"line":129,"column":54}},"52":{"start":{"line":131,"column":4},"end":{"line":131,"column":21}},"53":{"start":{"line":135,"column":0},"end":{"line":135,"column":24}}},"fnMap":{"0":{"name":"(anonymous_0)","decl":{"start":{"line":29,"column":30},"end":{"line":29,"column":31}},"loc":{"start":{"line":29,"column":62},"end":{"line":43,"column":1}},"line":29},"1":{"name":"(anonymous_1)","decl":{"start":{"line":33,"column":40},"end":{"line":33,"column":41}},"loc":{"start":{"line":33,"column":45},"end":{"line":33,"column":52}},"line":33},"2":{"name":"(anonymous_2)","decl":{"start":{"line":52,"column":29},"end":{"line":52,"column":30}},"loc":{"start":{"line":52,"column":61},"end":{"line":59,"column":1}},"line":52},"3":{"name":"(anonymous_3)","decl":{"start":{"line":69,"column":51},"end":{"line":69,"column":52}},"loc":{"start":{"line":69,"column":83},"end":{"line":78,"column":1}},"line":69},"4":{"name":"(anonymous_4)","decl":{"start":{"line":87,"column":61},"end":{"line":87,"column":62}},"loc":{"start":{"line":87,"column":93},"end":{"line":94,"column":1}},"line":87},"5":{"name":"(anonymous_5)","decl":{"start":{"line":106,"column":53},"end":{"line":106,"column":54}},"loc":{"start":{"line":106,"column":85},"end":{"line":119,"column":1}},"line":106},"6":{"name":"(anonymous_6)","decl":{"start":{"line":110,"column":40},"end":{"line":110,"column":41}},"loc":{"start":{"line":110,"column":45},"end":{"line":110,"column":52}},"line":110},"7":{"name":"(anonymous_7)","decl":{"start":{"line":126,"column":54},"end":{"line":126,"column":55}},"loc":{"start":{"line":126,"column":86},"end":{"line":133,"column":1}},"line":126}},"branchMap":{"0":{"loc":{"start":{"line":32,"column":4},"end":{"line":35,"column":5}},"type":"if","locations":[{"start":{"line":32,"column":4},"end":{"line":35,"column":5}},{"start":{},"end":{}}],"line":32},"1":{"loc":{"start":{"line":109,"column":4},"end":{"line":112,"column":5}},"type":"if","locations":[{"start":{"line":109,"column":4},"end":{"line":112,"column":5}},{"start":{},"end":{}}],"line":109}},"s":{"0":5,"1":5,"2":5,"3":5,"4":5,"5":5,"6":5,"7":5,"8":5,"9":5,"10":5,"11":0,"12":0,"13":0,"14":0,"15":0,"16":0,"17":0,"18":0,"19":0,"20":0,"21":5,"22":0,"23":0,"24":0,"25":0,"26":5,"27":1,"28":1,"29":1,"30":0,"31":0,"32":1,"33":5,"34":2,"35":2,"36":0,"37":2,"38":5,"39":3,"40":3,"41":3,"42":1,"43":1,"44":1,"45":2,"46":2,"47":1,"48":5,"49":1,"50":1,"51":1,"52":0,"53":5},"f":{"0":0,"1":0,"2":0,"3":1,"4":2,"5":3,"6":1,"7":1},"b":{"0":[0,0],"1":[1,2]},"_coverageSchema":"1a1c01bbd47fc00a2c39e90264f33305004495a9","hash":"8269d5023786f8a56fb3fe4704f222dd30bf0bd0"}
}
