TN:
SF:app.js
FN:31,(anonymous_0)
FN:36,(anonymous_1)
FNF:2
FNH:2
FNDA:2,(anonymous_0)
FNDA:55,(anonymous_1)
DA:5,5
DA:6,5
DA:8,5
DA:9,5
DA:11,5
DA:12,5
DA:13,5
DA:14,5
DA:16,5
DA:18,5
DA:20,5
DA:21,5
DA:22,5
DA:23,5
DA:25,5
DA:26,5
DA:27,5
DA:28,5
DA:31,5
DA:32,2
DA:36,5
DA:37,55
DA:38,55
DA:39,55
DA:41,55
DA:46,5
LF:26
LH:26
BRDA:37,0,0,1
BRDA:37,0,1,54
BRDA:38,1,0,55
BRDA:38,1,1,1
BRF:4
BRH:4
end_of_record
TN:
SF:config.js
FN:21,getDatabaseUri
FNF:1
FNH:1
FNDA:22,getDatabaseUri
DA:5,11
DA:6,11
DA:8,11
DA:10,11
DA:22,22
DA:30,11
DA:32,11
DA:33,11
DA:34,11
DA:35,11
DA:36,11
DA:37,11
DA:39,11
LF:13
LH:13
BRDA:8,0,0,11
BRDA:8,0,1,0
BRDA:10,1,0,11
BRDA:10,1,1,0
BRDA:22,2,0,19
BRDA:22,2,1,3
BRDA:24,3,0,3
BRDA:24,3,1,1
BRDA:30,4,0,10
BRDA:30,4,1,1
BRF:10
BRH:8
end_of_record
TN:
SF:db.js
FNF:0
FNH:0
DA:3,8
DA:4,8
DA:8,8
DA:9,0
DA:16,8
DA:21,8
DA:23,8
LF:7
LH:6
BRDA:8,0,0,0
BRDA:8,0,1,8
BRF:2
BRH:1
end_of_record
TN:
SF:expressError.js
FN:8,(anonymous_0)
FN:18,(anonymous_1)
FN:26,(anonymous_2)
FN:34,(anonymous_3)
FN:42,(anonymous_4)
FNF:5
FNH:4
FNDA:78,(anonymous_0)
FNDA:23,(anonymous_1)
FNDA:44,(anonymous_2)
FNDA:11,(anonymous_3)
FNDA:0,(anonymous_4)
DA:9,78
DA:10,78
DA:11,78
DA:19,23
DA:27,44
DA:35,11
DA:43,0
DA:47,10
LF:8
LH:7
BRDA:18,0,0,2
BRDA:26,1,0,1
BRDA:34,2,0,0
BRDA:42,3,0,0
BRF:4
BRH:2
end_of_record
TN:
SF:helpers/sql.js
FN:32,sqlForPartialUpdate
FN:36,(anonymous_1)
FNF:2
FNH:2
FNDA:16,sqlForPartialUpdate
FNDA:30,(anonymous_1)
DA:3,9
DA:33,16
DA:34,16
DA:36,12
DA:37,30
DA:40,12
DA:46,9
LF:7
LH:7
BRDA:34,0,0,4
BRDA:34,0,1,12
BRDA:37,1,0,30
BRDA:37,1,1,18
BRF:4
BRH:4
end_of_record
TN:
SF:helpers/tokens.js
FN:6,createToken
FNF:1
FNH:1
FNDA:13,createToken
DA:1,6
DA:2,6
DA:7,13
DA:12,13
DA:18,13
DA:21,6
LF:6
LH:6
BRF:0
BRH:0
end_of_record
TN:
SF:middleware/auth.js
FN:17,authenticateJWT
FN:35,ensureLoggedIn
FN:49,ensureAdmin
FN:65,ensureCorrectUserOrAdmin
FNF:4
FNH:4
FNDA:69,authenticateJWT
FNDA:2,ensureLoggedIn
FNDA:30,ensureAdmin
FNDA:16,ensureCorrectUserOrAdmin
DA:5,6
DA:6,6
DA:7,6
DA:18,69
DA:19,69
DA:20,69
DA:21,43
DA:22,43
DA:24,47
DA:26,22
DA:36,2
DA:37,2
DA:38,1
DA:40,1
DA:50,30
DA:51,30
DA:52,30
DA:54,0
DA:56,30
DA:66,16
DA:67,16
DA:68,16
DA:69,9
DA:71,7
DA:73,9
DA:77,6
LF:26
LH:25
BRDA:19,0,0,69
BRDA:19,0,1,68
BRDA:20,1,0,43
BRDA:20,1,1,26
BRDA:37,2,0,1
BRDA:37,2,1,1
BRDA:51,3,0,30
BRDA:51,3,1,0
BRDA:51,4,0,30
BRDA:51,4,1,9
BRDA:68,5,0,9
BRDA:68,5,1,7
BRDA:68,6,0,16
BRDA:68,6,1,11
BRDA:68,6,2,11
BRF:15
BRH:14
end_of_record
TN:
SF:models/_testCommon.js
FN:10,commonBeforeAll
FN:50,commonBeforeEach
FN:54,commonAfterEach
FN:58,commonAfterAll
FNF:4
FNH:4
FNDA:3,commonBeforeAll
FNDA:43,commonBeforeEach
FNDA:43,commonAfterEach
FNDA:3,commonAfterAll
DA:1,3
DA:2,3
DA:4,3
DA:5,3
DA:12,3
DA:13,3
DA:14,3
DA:15,3
DA:17,3
DA:24,3
DA:30,3
DA:46,3
DA:47,3
DA:51,43
DA:55,43
DA:59,3
DA:62,3
LF:17
LH:17
BRF:0
BRH:0
end_of_record
TN:
SF:models/company.js
FN:18,(anonymous_0)
FN:51,(anonymous_1)
FN:102,(anonymous_2)
FN:141,(anonymous_3)
FN:168,(anonymous_4)
FNF:5
FNH:5
FNDA:15,(anonymous_0)
FNDA:1,(anonymous_1)
FNDA:3,(anonymous_2)
FNDA:4,(anonymous_3)
FNDA:2,(anonymous_4)
DA:3,6
DA:4,6
DA:5,6
DA:19,15
DA:26,15
DA:27,1
DA:29,14
DA:36,14
DA:38,14
DA:52,1
DA:58,1
DA:59,1
DA:62,1
DA:63,0
DA:64,0
DA:68,1
DA:69,0
DA:70,0
DA:74,1
DA:75,0
DA:76,0
DA:80,1
DA:81,0
DA:85,1
DA:86,0
DA:90,1
DA:91,1
DA:92,1
DA:103,3
DA:114,3
DA:116,3
DA:118,2
DA:125,2
DA:127,2
DA:142,4
DA:146,3
DA:148,3
DA:156,3
DA:157,3
DA:159,3
DA:161,2
DA:169,2
DA:176,2
DA:178,2
DA:182,6
LF:45
LH:37
BRDA:26,0,0,1
BRDA:26,0,1,14
BRDA:51,1,0,1
BRDA:62,2,0,0
BRDA:62,2,1,1
BRDA:68,3,0,0
BRDA:68,3,1,1
BRDA:74,4,0,0
BRDA:74,4,1,1
BRDA:80,5,0,0
BRDA:80,5,1,1
BRDA:80,6,0,1
BRDA:80,6,1,0
BRDA:80,6,2,0
BRDA:85,7,0,0
BRDA:85,7,1,1
BRDA:116,8,0,1
BRDA:116,8,1,2
BRDA:159,9,0,1
BRDA:159,9,1,2
BRDA:178,10,0,1
BRDA:178,10,1,1
BRF:22
BRH:15
end_of_record
TN:
SF:models/job.js
FN:15,(anonymous_0)
FN:33,(anonymous_1)
FN:70,(anonymous_2)
FN:92,(anonymous_3)
FN:117,(anonymous_4)
FNF:5
FNH:5
FNDA:1,(anonymous_0)
FNDA:11,(anonymous_1)
FNDA:6,(anonymous_2)
FNDA:3,(anonymous_3)
FNDA:2,(anonymous_4)
DA:3,6
DA:4,6
DA:5,6
DA:16,1
DA:22,1
DA:23,1
DA:34,11
DA:40,11
DA:41,11
DA:43,11
DA:44,4
DA:45,4
DA:48,11
DA:49,4
DA:50,4
DA:53,11
DA:54,4
DA:57,11
DA:58,8
DA:61,11
DA:62,11
DA:63,11
DA:71,6
DA:81,6
DA:82,6
DA:83,0
DA:93,3
DA:96,2
DA:98,2
DA:106,2
DA:107,2
DA:109,2
DA:111,0
DA:118,2
DA:125,2
DA:126,2
DA:130,6
LF:37
LH:35
BRDA:33,0,0,1
BRDA:43,1,0,4
BRDA:43,1,1,7
BRDA:48,2,0,4
BRDA:48,2,1,7
BRDA:53,3,0,4
BRDA:53,3,1,7
BRDA:57,4,0,8
BRDA:57,4,1,3
BRDA:82,5,0,6
BRDA:82,5,1,0
BRDA:109,6,0,2
BRDA:109,6,1,0
BRDA:126,7,0,2
BRDA:126,7,1,0
BRF:15
BRH:12
end_of_record
TN:
SF:models/user.js
FN:24,(anonymous_0)
FN:59,(anonymous_1)
FN:103,(anonymous_2)
FN:125,(anonymous_3)
FN:161,(anonymous_4)
FN:194,(anonymous_5)
FN:216,(anonymous_6)
FN:254,(anonymous_7)
FNF:8
FNH:7
FNDA:7,(anonymous_0)
FNDA:17,(anonymous_1)
FNDA:1,(anonymous_2)
FNDA:3,(anonymous_3)
FNDA:6,(anonymous_4)
FNDA:3,(anonymous_5)
FNDA:5,(anonymous_6)
FNDA:0,(anonymous_7)
DA:3,6
DA:4,6
DA:5,6
DA:10,6
DA:12,6
DA:26,7
DA:38,7
DA:40,7
DA:42,5
DA:43,5
DA:44,3
DA:45,3
DA:49,4
DA:60,17
DA:67,17
DA:68,1
DA:71,16
DA:73,16
DA:93,16
DA:95,16
DA:104,1
DA:114,1
DA:126,3
DA:137,3
DA:139,3
DA:141,2
DA:162,6
DA:163,2
DA:166,6
DA:173,5
DA:175,5
DA:183,5
DA:184,5
DA:186,5
DA:188,4
DA:189,4
DA:195,3
DA:202,3
DA:204,3
DA:218,5
DA:224,5
DA:225,1
DA:229,4
DA:235,4
DA:236,4
DA:240,0
DA:246,0
DA:255,0
DA:268,0
DA:270,0
DA:272,0
DA:276,6
LF:52
LH:46
BRDA:40,0,0,5
BRDA:40,0,1,2
BRDA:43,1,0,3
BRDA:43,1,1,2
BRDA:67,2,0,1
BRDA:67,2,1,16
BRDA:139,3,0,1
BRDA:139,3,1,2
BRDA:162,4,0,2
BRDA:162,4,1,4
BRDA:186,5,0,1
BRDA:186,5,1,4
BRDA:204,6,0,1
BRDA:204,6,1,2
BRDA:224,7,0,1
BRDA:224,7,1,4
BRDA:235,8,0,4
BRDA:235,8,1,0
BRDA:270,9,0,0
BRDA:270,9,1,0
BRF:20
BRH:17
end_of_record
TN:
SF:routes/_testCommon.js
FN:8,commonBeforeAll
FN:79,commonBeforeEach
FN:83,commonAfterEach
FN:87,commonAfterAll
FNF:4
FNH:4
FNDA:4,commonBeforeAll
FNDA:64,commonBeforeEach
FNDA:64,commonAfterEach
FNDA:4,commonAfterAll
DA:3,4
DA:4,4
DA:5,4
DA:6,4
DA:10,4
DA:11,4
DA:12,4
DA:13,4
DA:16,4
DA:23,4
DA:30,4
DA:39,4
DA:47,4
DA:55,4
DA:65,4
DA:73,4
DA:80,64
DA:84,64
DA:88,4
DA:92,4
DA:93,4
DA:95,4
LF:22
LH:22
BRF:0
BRH:0
end_of_record
TN:
SF:routes/auth.js
FN:22,(anonymous_0)
FN:26,(anonymous_1)
FN:49,(anonymous_2)
FN:53,(anonymous_3)
FNF:4
FNH:4
FNDA:5,(anonymous_0)
FNDA:2,(anonymous_1)
FNDA:3,(anonymous_2)
FNDA:5,(anonymous_3)
DA:5,5
DA:7,5
DA:8,5
DA:9,5
DA:10,5
DA:11,5
DA:12,5
DA:13,5
DA:22,5
DA:23,5
DA:24,5
DA:25,5
DA:26,2
DA:27,2
DA:30,3
DA:31,3
DA:32,1
DA:33,1
DA:35,4
DA:49,5
DA:50,3
DA:51,3
DA:52,3
DA:53,5
DA:54,2
DA:57,1
DA:58,1
DA:59,1
DA:61,2
DA:66,5
LF:30
LH:30
BRDA:25,0,0,2
BRDA:25,0,1,3
BRDA:52,1,0,2
BRDA:52,1,1,1
BRF:4
BRH:4
end_of_record
TN:
SF:routes/companies.js
FN:27,(anonymous_0)
FN:31,(anonymous_1)
FN:59,(anonymous_2)
FN:70,(anonymous_3)
FN:90,(anonymous_4)
FN:110,(anonymous_5)
FN:114,(anonymous_6)
FN:130,(anonymous_7)
FNF:8
FNH:0
FNDA:0,(anonymous_0)
FNDA:0,(anonymous_1)
FNDA:0,(anonymous_2)
FNDA:0,(anonymous_3)
FNDA:0,(anonymous_4)
FNDA:0,(anonymous_5)
FNDA:0,(anonymous_6)
FNDA:0,(anonymous_7)
DA:5,5
DA:6,5
DA:8,5
DA:9,5
DA:10,5
DA:12,5
DA:13,5
DA:14,5
DA:16,5
DA:27,5
DA:28,0
DA:29,0
DA:30,0
DA:31,0
DA:32,0
DA:35,0
DA:36,0
DA:38,0
DA:59,5
DA:60,0
DA:63,0
DA:64,0
DA:66,0
DA:68,0
DA:69,0
DA:70,0
DA:71,0
DA:75,0
DA:76,0
DA:78,0
DA:90,5
DA:91,0
DA:92,0
DA:93,0
DA:95,0
DA:110,5
DA:111,0
DA:112,0
DA:113,0
DA:114,0
DA:115,0
DA:118,0
DA:119,0
DA:121,0
DA:130,5
DA:131,0
DA:132,0
DA:133,0
DA:135,0
DA:139,5
LF:50
LH:15
BRDA:30,0,0,0
BRDA:30,0,1,0
BRDA:63,1,0,0
BRDA:63,1,1,0
BRDA:64,2,0,0
BRDA:64,2,1,0
BRDA:69,3,0,0
BRDA:69,3,1,0
BRDA:113,4,0,0
BRDA:113,4,1,0
BRF:10
BRH:0
end_of_record
TN:
SF:routes/jobs.js
FN:22,(anonymous_0)
FN:26,(anonymous_1)
FN:45,(anonymous_2)
FN:58,(anonymous_3)
FN:72,(anonymous_4)
FN:86,(anonymous_5)
FN:90,(anonymous_6)
FN:103,(anonymous_7)
FNF:8
FNH:2
FNDA:0,(anonymous_0)
FNDA:0,(anonymous_1)
FNDA:6,(anonymous_2)
FNDA:0,(anonymous_3)
FNDA:4,(anonymous_4)
FNDA:0,(anonymous_5)
FNDA:0,(anonymous_6)
FNDA:0,(anonymous_7)
DA:5,5
DA:6,5
DA:8,5
DA:9,5
DA:10,5
DA:11,5
DA:12,5
DA:13,5
DA:15,5
DA:22,5
DA:23,0
DA:24,0
DA:25,0
DA:26,0
DA:27,0
DA:30,0
DA:31,0
DA:33,0
DA:45,5
DA:46,6
DA:49,6
DA:52,6
DA:54,6
DA:56,6
DA:57,6
DA:58,0
DA:59,0
DA:62,6
DA:63,6
DA:65,0
DA:72,5
DA:73,4
DA:74,4
DA:75,0
DA:77,4
DA:86,5
DA:87,0
DA:88,0
DA:89,0
DA:90,0
DA:91,0
DA:94,0
DA:95,0
DA:97,0
DA:103,5
DA:104,0
DA:105,0
DA:106,0
DA:108,0
DA:112,5
LF:50
LH:26
BRDA:25,0,0,0
BRDA:25,0,1,0
BRDA:49,1,0,2
BRDA:49,1,1,4
BRDA:52,2,0,2
BRDA:52,2,1,4
BRDA:57,3,0,0
BRDA:57,3,1,6
BRDA:89,4,0,0
BRDA:89,4,1,0
BRF:10
BRH:5
end_of_record
TN:
SF:routes/users.js
FN:29,(anonymous_0)
FN:33,(anonymous_1)
FN:52,(anonymous_2)
FN:69,(anonymous_3)
FN:87,(anonymous_4)
FN:106,(anonymous_5)
FN:110,(anonymous_6)
FN:126,(anonymous_7)
FNF:8
FNH:5
FNDA:0,(anonymous_0)
FNDA:0,(anonymous_1)
FNDA:0,(anonymous_2)
FNDA:1,(anonymous_3)
FNDA:2,(anonymous_4)
FNDA:3,(anonymous_5)
FNDA:1,(anonymous_6)
FNDA:1,(anonymous_7)
DA:5,5
DA:6,5
DA:7,5
DA:8,5
DA:9,5
DA:10,5
DA:11,5
DA:12,5
DA:13,5
DA:15,5
DA:29,5
DA:30,0
DA:31,0
DA:32,0
DA:33,0
DA:34,0
DA:37,0
DA:38,0
DA:39,0
DA:41,0
DA:52,5
DA:53,0
DA:54,0
DA:55,0
DA:57,0
DA:69,5
DA:70,1
DA:71,1
DA:72,1
DA:73,0
DA:74,0
DA:76,1
DA:87,5
DA:88,2
DA:89,2
DA:90,0
DA:92,2
DA:106,5
DA:107,3
DA:108,3
DA:109,3
DA:110,1
DA:111,1
DA:114,2
DA:115,2
DA:117,1
DA:126,5
DA:127,1
DA:128,1
DA:129,1
DA:131,0
DA:135,5
LF:52
LH:35
BRDA:32,0,0,0
BRDA:32,0,1,0
BRDA:109,1,0,1
BRDA:109,1,1,2
BRF:4
BRH:2
end_of_record
